2018-04-20 17:15:08 INFO  rootLogger:228 - Class: UtilFunctions; Method: getValueFromTextFile
2018-04-20 17:15:08 INFO  rootLogger:228 - Value to read: APP
2018-04-20 17:15:08 INFO  rootLogger:228 - Class: UtilFunctions; Method: getValueFromTextFile
2018-04-20 17:15:08 INFO  rootLogger:228 - Value to read: SECTION
2018-04-20 17:15:08 INFO  rootLogger:228 - Class: UtilFunctions; Method: getValueFromTextFile
2018-04-20 17:15:08 INFO  rootLogger:228 - Value to read: TAG_NAME
2018-04-20 17:15:08 INFO  rootLogger:228 - Class: UtilFunctions; Method: getValueFromIniFile
2018-04-20 17:15:08 INFO  rootLogger:228 - SectionName: Huddil
2018-04-20 17:15:08 INFO  rootLogger:228 - KeyName: url
2018-04-20 17:15:08 INFO  rootLogger:228 - Value: http://198.1.85.118
2018-04-20 17:15:08 INFO  rootLogger:228 - Returning: http://198.1.85.118
2018-04-20 17:15:08 INFO  rootLogger:228 - Class: UtilFunctions; Method: getValueFromIniFile
2018-04-20 17:15:08 INFO  rootLogger:228 - SectionName: Huddil
2018-04-20 17:15:08 INFO  rootLogger:228 - KeyName: username
2018-04-20 17:15:08 INFO  rootLogger:228 - Value: sukanya.k@myapps-solutions.com
2018-04-20 17:15:08 INFO  rootLogger:228 - Returning: sukanya.k@myapps-solutions.com
2018-04-20 17:15:08 INFO  rootLogger:228 - Class: UtilFunctions; Method: getValueFromIniFile
2018-04-20 17:15:08 INFO  rootLogger:228 - SectionName: Huddil
2018-04-20 17:15:08 INFO  rootLogger:228 - KeyName: password
2018-04-20 17:15:08 INFO  rootLogger:228 - Value: password
2018-04-20 17:15:08 INFO  rootLogger:228 - Returning: password
2018-04-20 17:15:08 INFO  rootLogger:228 - Class: Hooks; Method: setUp
2018-04-20 17:15:08 INFO  rootLogger:228 - Scenario: Verify Conference Facility Creation starting.
2018-04-20 17:15:08 INFO  rootLogger:228 - Scenario Tag Name: @Sanity1
2018-04-20 17:15:08 INFO  rootLogger:228 - Class: LoginStepdefs; Method: applicationLogin : Start
2018-04-20 17:15:08 INFO  rootLogger:228 - Class: Hooks; Method: openBrowser
2018-04-20 17:15:08 INFO  rootLogger:228 - userName: myappssolutions33@gmail.com
2018-04-20 17:15:08 INFO  rootLogger:228 - Class: SetUpFile; Method: constructor
2018-04-20 17:15:08 INFO  rootLogger:228 - Initializing JSON files
2018-04-20 17:15:08 INFO  rootLogger:228 - Class: SetUpFile; Method: setUpBrowser
2018-04-20 17:15:26 INFO  rootLogger:228 - Firefox driver initialized
2018-04-20 17:15:26 INFO  rootLogger:228 - Error getting child PID for geckodriver.exe from parent process 3532. Cannot run program "wmic": CreateProcess error=2, The system cannot find the file specified
2018-04-20 17:15:26 INFO  rootLogger:228 - Error getting child PID for firefox.exe from parent process . Cannot run program "wmic": CreateProcess error=2, The system cannot find the file specified
2018-04-20 17:15:26 INFO  rootLogger:228 - Class: Hooks; Method: setDriver
2018-04-20 17:15:26 INFO  rootLogger:228 - get driver object
2018-04-20 17:15:26 INFO  rootLogger:228 - Class: SetUpFile; Method: openURL
2018-04-20 17:15:47 INFO  rootLogger:228 - Class: SetUpFile; Method: logInApplication
2018-04-20 17:15:47 INFO  rootLogger:228 - Class: UtilFunctions; Method: getJSONFileObjBasedOnPageName
2018-04-20 17:15:47 INFO  rootLogger:228 - Class: UtilFunctions; Method: getElementFromJSONFile
2018-04-20 17:15:47 INFO  rootLogger:228 - Return: username
2018-04-20 17:15:47 INFO  rootLogger:228 - Class: UtilFunctions; Method: getElementFromJSONFile
2018-04-20 17:15:47 INFO  rootLogger:228 - Return: password
2018-04-20 17:15:47 INFO  rootLogger:228 - Class: UtilFunctions; Method: getElementFromJSONFile
2018-04-20 17:15:47 INFO  rootLogger:228 - Return: null
2018-04-20 17:15:47 INFO  rootLogger:228 - Class: SeleniumFunctions; Method: findElement
2018-04-20 17:15:47 INFO  rootLogger:228 - Class: SeleniumFunctions; Method: explicitWait
2018-04-20 17:15:47 INFO  rootLogger:228 - frame: 
2018-04-20 17:15:48 INFO  rootLogger:228 - UserName: myappssolutions33@gmail.com entered
2018-04-20 17:15:48 INFO  rootLogger:228 - Class: SeleniumFunctions; Method: findElement
2018-04-20 17:15:48 INFO  rootLogger:228 - Class: SeleniumFunctions; Method: explicitWait
2018-04-20 17:15:48 INFO  rootLogger:228 - frame: 
2018-04-20 17:15:49 INFO  rootLogger:228 - Password: password1 entered
2018-04-20 17:15:49 INFO  rootLogger:228 - Class: UtilFunctions; Method: getElementFromJSONFile
2018-04-20 17:15:49 INFO  rootLogger:228 - Return: //button[@class='consumerModuleButtons submitButton' and text()='Sign in']
2018-04-20 17:15:49 INFO  rootLogger:228 - Class: SeleniumFunctions; Method: setByValues
2018-04-20 17:15:49 INFO  rootLogger:228 - propField: //button[@class='consumerModuleButtons submitButton' and text()='Sign in']
2018-04-20 17:15:49 INFO  rootLogger:228 - switchType: xpath
2018-04-20 17:15:49 INFO  rootLogger:228 - switchValue: //button[@class='consumerModuleButtons submitButton' and text()='Sign in']
2018-04-20 17:15:49 INFO  rootLogger:228 - Class: SeleniumFunctions; Method: findElement
2018-04-20 17:15:49 INFO  rootLogger:228 - Class: SeleniumFunctions; Method: explicitWait
2018-04-20 17:15:49 INFO  rootLogger:228 - frame: 
2018-04-20 17:15:51 INFO  rootLogger:228 - Login button clicked
2018-04-20 17:15:51 INFO  rootLogger:228 - Class: SeleniumFunctions; Method: switchToNewWindow
2018-04-20 17:15:51 INFO  rootLogger:228 - parentWindow: 4294967297
2018-04-20 17:15:51 INFO  rootLogger:228 - windowHandle: 4294967297
2018-04-20 17:15:51 INFO  rootLogger:228 - Class: Hooks; Method: setDriver
2018-04-20 17:15:51 INFO  rootLogger:228 - get driver object
2018-04-20 17:15:51 INFO  rootLogger:228 - Class: LoginStepdefs; Method: applicationLogin : Complete
2018-04-20 17:15:51 INFO  rootLogger:228 - Class: GlobalStepdefs; Method: waitForSpecifiedTime : Start
2018-04-20 17:16:11 INFO  rootLogger:228 - Class: GlobalStepdefs; Method: waitForSpecifiedTime : Complete
2018-04-20 17:16:11 INFO  rootLogger:228 - Class: GlobalStepdefs; Method: checkPageLoad : Start
2018-04-20 17:16:11 INFO  rootLogger:228 - Class: Hooks; Method: getDriver
2018-04-20 17:16:11 INFO  rootLogger:228 - get driver object
2018-04-20 17:16:12 INFO  rootLogger:228 - Class: Page; Method: findPage
2018-04-20 17:16:12 INFO  rootLogger:228 - Current tab name: ServiceProvider
2018-04-20 17:16:12 INFO  rootLogger:228 - PaneName: ServiceProvider
2018-04-20 17:16:12 INFO  rootLogger:228 - Class: UtilFunctions; Method: getJSONFileObjBasedOnPageName
2018-04-20 17:16:12 INFO  rootLogger:228 - Class: UtilFunctions; Method: getElementFromJSONFile
2018-04-20 17:16:12 INFO  rootLogger:228 - Exception: null
2018-04-20 17:16:12 INFO  rootLogger:228 - Pane xpath: null
2018-04-20 17:16:12 INFO  rootLogger:228 - Class: Hooks; Method: getDriver
2018-04-20 17:16:12 INFO  rootLogger:228 - get driver object
2018-04-20 17:16:12 INFO  rootLogger:228 - Class: SeleniumFunctions; Method: explicitWait
2018-04-20 17:16:12 INFO  rootLogger:228 - frame: 
2018-04-20 17:16:12 INFO  rootLogger:228 - Class: SeleniumFunctions; Method: findElement
2018-04-20 17:16:12 INFO  rootLogger:228 - Class: SeleniumFunctions; Method: explicitWait
2018-04-20 17:16:12 INFO  rootLogger:228 - frame: 
2018-04-20 17:16:12 INFO  rootLogger:228 - Class: GlobalStepdefs; Method: checkPageLoad : Complete
2018-04-20 17:16:12 INFO  rootLogger:228 - Class: GlobalStepdefs; Method: clickMiscElement : Start
2018-04-20 17:16:12 INFO  rootLogger:228 - Pagename: ServiceProvider
2018-04-20 17:16:12 INFO  rootLogger:228 - Class: Hooks; Method: getDriver
2018-04-20 17:16:12 INFO  rootLogger:228 - get driver object
2018-04-20 17:16:12 INFO  rootLogger:228 - Class: Page; Method: clickMiscElement
2018-04-20 17:16:12 INFO  rootLogger:228 - Current tab name: ServiceProvider
2018-04-20 17:16:12 INFO  rootLogger:228 - ImageName: Facility
2018-04-20 17:16:12 INFO  rootLogger:228 - Class: UtilFunctions; Method: getJSONFileObjBasedOnPageName
2018-04-20 17:16:12 INFO  rootLogger:228 - Class: UtilFunctions; Method: getElementStringAndType
2018-04-20 17:16:12 INFO  rootLogger:228 - Class: UtilFunctions; Method: getElementFromJSONFile
2018-04-20 17:16:12 INFO  rootLogger:228 - Return: //p[text()='Facility']
2018-04-20 17:16:12 INFO  rootLogger:228 - Class: UtilFunctions; Method: getElementFromJSONFile
2018-04-20 17:16:12 INFO  rootLogger:228 - Return: //p[text()='Facility']
2018-04-20 17:16:12 INFO  rootLogger:228 - xpath present
2018-04-20 17:16:12 INFO  rootLogger:228 - Class: SeleniumFunctions; Method: explicitWait
2018-04-20 17:16:12 INFO  rootLogger:228 - frame: //p[text()='Facility'];xpath
2018-04-20 17:16:12 INFO  rootLogger:228 - Class: SeleniumFunctions; Method: setByValues
2018-04-20 17:16:12 INFO  rootLogger:228 - propField: //p[text()='Facility'];xpath
2018-04-20 17:16:12 INFO  rootLogger:228 - switchType: xpath
2018-04-20 17:16:12 INFO  rootLogger:228 - switchValue: //p[text()='Facility']
2018-04-20 17:16:12 INFO  rootLogger:228 - Class: SeleniumFunctions; Method: findElement
2018-04-20 17:16:12 INFO  rootLogger:228 - Class: SeleniumFunctions; Method: explicitWait
2018-04-20 17:16:12 INFO  rootLogger:228 - frame: 
2018-04-20 17:16:13 INFO  rootLogger:228 - Element: 'Facility' exist and clicked. Returning true.
2018-04-20 17:16:13 INFO  rootLogger:228 - Class: GlobalStepdefs; Method: clickButton : Start
2018-04-20 17:16:13 INFO  rootLogger:228 - Class: Hooks; Method: getDriver
2018-04-20 17:16:13 INFO  rootLogger:228 - get driver object
2018-04-20 17:16:13 INFO  rootLogger:228 - Class: Page; Method: clickButton
2018-04-20 17:16:13 INFO  rootLogger:228 - Current page name: ServiceProvider
2018-04-20 17:16:13 INFO  rootLogger:228 - Button to be clicked: AddFacility
2018-04-20 17:16:13 INFO  rootLogger:228 - Class: UtilFunctions; Method: getJSONFileObjBasedOnPageName
2018-04-20 17:16:13 INFO  rootLogger:228 - Class: UtilFunctions; Method: getElementStringAndType
2018-04-20 17:16:13 INFO  rootLogger:228 - Class: UtilFunctions; Method: getElementFromJSONFile
2018-04-20 17:16:13 INFO  rootLogger:228 - Return: //button[@id='button_add' and @ng-reflect-router-link='/service-provider/add-facility']
2018-04-20 17:16:13 INFO  rootLogger:228 - Class: UtilFunctions; Method: getElementFromJSONFile
2018-04-20 17:16:13 INFO  rootLogger:228 - Return: //button[@id='button_add' and @ng-reflect-router-link='/service-provider/add-facility']
2018-04-20 17:16:13 INFO  rootLogger:228 - xpath present
2018-04-20 17:16:13 INFO  rootLogger:228 - Class: SeleniumFunctions; Method: explicitWait
2018-04-20 17:16:13 INFO  rootLogger:228 - frame: //button[@id='button_add' and @ng-reflect-router-link='/service-provider/add-facility'];xpath
2018-04-20 17:16:13 INFO  rootLogger:228 - Class: SeleniumFunctions; Method: setByValues
2018-04-20 17:16:13 INFO  rootLogger:228 - propField: //button[@id='button_add' and @ng-reflect-router-link='/service-provider/add-facility'];xpath
2018-04-20 17:16:13 INFO  rootLogger:228 - switchType: xpath
2018-04-20 17:16:13 INFO  rootLogger:228 - switchValue: //button[@id='button_add' and @ng-reflect-router-link='/service-provider/add-facility']
2018-04-20 17:16:13 INFO  rootLogger:228 - Class: SeleniumFunctions; Method: findElement
2018-04-20 17:16:13 INFO  rootLogger:228 - Class: SeleniumFunctions; Method: explicitWait
2018-04-20 17:16:13 INFO  rootLogger:228 - frame: 
2018-04-20 17:16:15 INFO  rootLogger:228 - Button 'AddFacility' object not null and is clicked. Returning true.
2018-04-20 17:16:15 INFO  rootLogger:228 - Class: GlobalStepdefs; Method: clickButton : Complete
2018-04-20 17:16:15 INFO  rootLogger:228 - Class: GlobalStepdefs; Method: selectFromDropdown : Start
2018-04-20 17:16:15 INFO  rootLogger:228 - Class: Hooks; Method: getDriver
2018-04-20 17:16:15 INFO  rootLogger:228 - get driver object
2018-04-20 17:16:15 INFO  rootLogger:228 - Class: Page; Method: selectDropDownInPane
2018-04-20 17:16:15 INFO  rootLogger:228 - Current tab name: ServiceProvider
2018-04-20 17:16:15 INFO  rootLogger:228 - Class: UtilFunctions; Method: getJSONFileObjBasedOnPageName
2018-04-20 17:16:15 INFO  rootLogger:228 - PaneName: ServiceProvider
2018-04-20 17:16:15 INFO  rootLogger:228 - Dropdown Name: SelectFacilityType
2018-04-20 17:16:15 INFO  rootLogger:228 - Class: UtilFunctions; Method: getElementStringAndType
2018-04-20 17:16:15 INFO  rootLogger:228 - Class: UtilFunctions; Method: getElementFromJSONFile
2018-04-20 17:16:15 INFO  rootLogger:228 - Return: null
2018-04-20 17:16:15 INFO  rootLogger:228 - Class: UtilFunctions; Method: getElementFromJSONFile
2018-04-20 17:16:15 INFO  rootLogger:228 - Return: select_facilityType
2018-04-20 17:16:15 INFO  rootLogger:228 - Class: UtilFunctions; Method: getElementFromJSONFile
2018-04-20 17:16:15 INFO  rootLogger:228 - Return: select_facilityType
2018-04-20 17:16:15 INFO  rootLogger:228 - id present
2018-04-20 17:16:15 INFO  rootLogger:228 - Class: Page; Method: selectDropDownOption
2018-04-20 17:16:15 INFO  rootLogger:228 - Class: SeleniumFunctions; Method: explicitWait
2018-04-20 17:16:15 INFO  rootLogger:228 - frame: select_facilityType;id
2018-04-20 17:16:15 INFO  rootLogger:228 - Class: SeleniumFunctions; Method: setByValues
2018-04-20 17:16:15 INFO  rootLogger:228 - propField: select_facilityType;id
2018-04-20 17:16:15 INFO  rootLogger:228 - switchType: id
2018-04-20 17:16:15 INFO  rootLogger:228 - switchValue: select_facilityType
2018-04-20 17:16:15 INFO  rootLogger:228 - Class: SeleniumFunctions; Method: findElement
2018-04-20 17:16:15 INFO  rootLogger:228 - Class: SeleniumFunctions; Method: explicitWait
2018-04-20 17:16:15 INFO  rootLogger:228 - frame: 
2018-04-20 17:16:15 INFO  rootLogger:228 - Drop down element not null
2018-04-20 17:16:15 INFO  rootLogger:228 - Class: Page; Method: selectDropDownOption
2018-04-20 17:16:15 INFO  rootLogger:228 - Class: Page; Method: selectDropDownInPane
2018-04-20 17:16:16 INFO  rootLogger:228 - Class: GlobalStepdefs; Method: selectFromDropdown : Complete
2018-04-20 17:16:16 INFO  rootLogger:228 - Class: GlobalStepdefs; Method: clickButton : Start
2018-04-20 17:16:16 INFO  rootLogger:228 - Class: Hooks; Method: getDriver
2018-04-20 17:16:16 INFO  rootLogger:228 - get driver object
2018-04-20 17:16:16 INFO  rootLogger:228 - Class: Page; Method: clickButton
2018-04-20 17:16:16 INFO  rootLogger:228 - Current page name: ServiceProvider
2018-04-20 17:16:16 INFO  rootLogger:228 - Button to be clicked: AddLocation
2018-04-20 17:16:16 INFO  rootLogger:228 - Class: UtilFunctions; Method: getJSONFileObjBasedOnPageName
2018-04-20 17:16:16 INFO  rootLogger:228 - Class: UtilFunctions; Method: getElementStringAndType
2018-04-20 17:16:16 INFO  rootLogger:228 - Class: UtilFunctions; Method: getElementFromJSONFile
2018-04-20 17:16:16 INFO  rootLogger:228 - Return: //div[@class='addLocationIcon' and descendant::*[text()='Name']]
2018-04-20 17:16:16 INFO  rootLogger:228 - Class: UtilFunctions; Method: getElementFromJSONFile
2018-04-20 17:16:16 INFO  rootLogger:228 - Return: //div[@class='addLocationIcon' and descendant::*[text()='Name']]
2018-04-20 17:16:16 INFO  rootLogger:228 - xpath present
2018-04-20 17:16:16 INFO  rootLogger:228 - Class: SeleniumFunctions; Method: explicitWait
2018-04-20 17:16:16 INFO  rootLogger:228 - frame: //div[@class='addLocationIcon' and descendant::*[text()='Name']];xpath
2018-04-20 17:16:16 INFO  rootLogger:228 - Class: SeleniumFunctions; Method: setByValues
2018-04-20 17:16:16 INFO  rootLogger:228 - propField: //div[@class='addLocationIcon' and descendant::*[text()='Name']];xpath
2018-04-20 17:16:16 INFO  rootLogger:228 - switchType: xpath
2018-04-20 17:16:16 INFO  rootLogger:228 - switchValue: //div[@class='addLocationIcon' and descendant::*[text()='Name']]
2018-04-20 17:16:16 INFO  rootLogger:228 - Class: SeleniumFunctions; Method: findElement
2018-04-20 17:16:16 INFO  rootLogger:228 - Class: SeleniumFunctions; Method: explicitWait
2018-04-20 17:16:16 INFO  rootLogger:228 - frame: 
2018-04-20 17:16:18 INFO  rootLogger:228 - Button 'AddLocation' object not null and is clicked. Returning true.
2018-04-20 17:16:18 INFO  rootLogger:228 - Class: GlobalStepdefs; Method: clickButton : Complete
2018-04-20 17:16:18 INFO  rootLogger:228 - Class: GlobalStepdefs; Method: selectFromDropdown : Start
2018-04-20 17:16:18 INFO  rootLogger:228 - Class: Hooks; Method: getDriver
2018-04-20 17:16:18 INFO  rootLogger:228 - get driver object
2018-04-20 17:16:18 INFO  rootLogger:228 - Class: Page; Method: selectDropDownInPane
2018-04-20 17:16:18 INFO  rootLogger:228 - Current tab name: ServiceProvider
2018-04-20 17:16:18 INFO  rootLogger:228 - Class: UtilFunctions; Method: getJSONFileObjBasedOnPageName
2018-04-20 17:16:18 INFO  rootLogger:228 - PaneName: ServiceProvider
2018-04-20 17:16:18 INFO  rootLogger:228 - Dropdown Name: SelectCity
2018-04-20 17:16:18 INFO  rootLogger:228 - Class: UtilFunctions; Method: getElementStringAndType
2018-04-20 17:16:18 INFO  rootLogger:228 - Class: UtilFunctions; Method: getElementFromJSONFile
2018-04-20 17:16:18 INFO  rootLogger:228 - Return: null
2018-04-20 17:16:18 INFO  rootLogger:228 - Class: UtilFunctions; Method: getElementFromJSONFile
2018-04-20 17:16:18 INFO  rootLogger:228 - Return: select_city
2018-04-20 17:16:18 INFO  rootLogger:228 - Class: UtilFunctions; Method: getElementFromJSONFile
2018-04-20 17:16:18 INFO  rootLogger:228 - Return: select_city
2018-04-20 17:16:18 INFO  rootLogger:228 - id present
2018-04-20 17:16:18 INFO  rootLogger:228 - Class: Page; Method: selectDropDownOption
2018-04-20 17:16:18 INFO  rootLogger:228 - Class: SeleniumFunctions; Method: explicitWait
2018-04-20 17:16:18 INFO  rootLogger:228 - frame: select_city;id
2018-04-20 17:16:18 INFO  rootLogger:228 - Class: SeleniumFunctions; Method: setByValues
2018-04-20 17:16:18 INFO  rootLogger:228 - propField: select_city;id
2018-04-20 17:16:18 INFO  rootLogger:228 - switchType: id
2018-04-20 17:16:18 INFO  rootLogger:228 - switchValue: select_city
2018-04-20 17:16:18 INFO  rootLogger:228 - Class: SeleniumFunctions; Method: findElement
2018-04-20 17:16:18 INFO  rootLogger:228 - Class: SeleniumFunctions; Method: explicitWait
2018-04-20 17:16:18 INFO  rootLogger:228 - frame: 
2018-04-20 17:16:18 INFO  rootLogger:228 - Drop down element not null
2018-04-20 17:16:18 INFO  rootLogger:228 - Class: Page; Method: selectDropDownOption
2018-04-20 17:16:18 INFO  rootLogger:228 - Class: Page; Method: selectDropDownInPane
2018-04-20 17:16:19 INFO  rootLogger:228 - Class: GlobalStepdefs; Method: selectFromDropdown : Complete
2018-04-20 17:16:19 INFO  rootLogger:228 - Class: GlobalStepdefs; Method: selectFromDropdown : Start
2018-04-20 17:16:19 INFO  rootLogger:228 - Class: Hooks; Method: getDriver
2018-04-20 17:16:19 INFO  rootLogger:228 - get driver object
2018-04-20 17:16:19 INFO  rootLogger:228 - Class: Page; Method: selectDropDownInPane
2018-04-20 17:16:19 INFO  rootLogger:228 - Current tab name: ServiceProvider
2018-04-20 17:16:19 INFO  rootLogger:228 - Class: UtilFunctions; Method: getJSONFileObjBasedOnPageName
2018-04-20 17:16:19 INFO  rootLogger:228 - PaneName: ServiceProvider
2018-04-20 17:16:19 INFO  rootLogger:228 - Dropdown Name: Locality
2018-04-20 17:16:19 INFO  rootLogger:228 - Class: UtilFunctions; Method: getElementStringAndType
2018-04-20 17:16:19 INFO  rootLogger:228 - Class: UtilFunctions; Method: getElementFromJSONFile
2018-04-20 17:16:19 INFO  rootLogger:228 - Return: null
2018-04-20 17:16:19 INFO  rootLogger:228 - Class: UtilFunctions; Method: getElementFromJSONFile
2018-04-20 17:16:19 INFO  rootLogger:228 - Return: select_locality
2018-04-20 17:16:19 INFO  rootLogger:228 - Class: UtilFunctions; Method: getElementFromJSONFile
2018-04-20 17:16:19 INFO  rootLogger:228 - Return: select_locality
2018-04-20 17:16:19 INFO  rootLogger:228 - id present
2018-04-20 17:16:19 INFO  rootLogger:228 - Class: Page; Method: selectDropDownOption
2018-04-20 17:16:19 INFO  rootLogger:228 - Class: SeleniumFunctions; Method: explicitWait
2018-04-20 17:16:19 INFO  rootLogger:228 - frame: select_locality;id
2018-04-20 17:16:19 INFO  rootLogger:228 - Class: SeleniumFunctions; Method: setByValues
2018-04-20 17:16:19 INFO  rootLogger:228 - propField: select_locality;id
2018-04-20 17:16:19 INFO  rootLogger:228 - switchType: id
2018-04-20 17:16:19 INFO  rootLogger:228 - switchValue: select_locality
2018-04-20 17:16:19 INFO  rootLogger:228 - Class: SeleniumFunctions; Method: findElement
2018-04-20 17:16:19 INFO  rootLogger:228 - Class: SeleniumFunctions; Method: explicitWait
2018-04-20 17:16:19 INFO  rootLogger:228 - frame: 
2018-04-20 17:16:19 INFO  rootLogger:228 - Drop down element not null
2018-04-20 17:16:19 INFO  rootLogger:228 - Class: Page; Method: selectDropDownOption
2018-04-20 17:16:20 INFO  rootLogger:228 - Class: Page; Method: selectDropDownInPane
2018-04-20 17:16:21 INFO  rootLogger:228 - Class: GlobalStepdefs; Method: selectFromDropdown : Complete
2018-04-20 17:16:21 INFO  rootLogger:228 - Class: GlobalStepdefs; Method: enterInTheField : Start
2018-04-20 17:16:21 INFO  rootLogger:228 - Class: Hooks; Method: getDriver
2018-04-20 17:16:21 INFO  rootLogger:228 - get driver object
2018-04-20 17:16:21 INFO  rootLogger:228 - Class: Page; Method: setTextBox
2018-04-20 17:16:21 INFO  rootLogger:228 - Current page name: ServiceProvider
2018-04-20 17:16:21 INFO  rootLogger:228 - Text box field name: PleaseEnterName
2018-04-20 17:16:21 INFO  rootLogger:228 - Class: UtilFunctions; Method: getJSONFileObjBasedOnPageName
2018-04-20 17:16:21 INFO  rootLogger:228 - Class: UtilFunctions; Method: getElementStringAndType
2018-04-20 17:16:21 INFO  rootLogger:228 - Class: UtilFunctions; Method: getElementFromJSONFile
2018-04-20 17:16:21 INFO  rootLogger:228 - Return: null
2018-04-20 17:16:21 INFO  rootLogger:228 - Class: UtilFunctions; Method: getElementFromJSONFile
2018-04-20 17:16:21 INFO  rootLogger:228 - Return: input_name
2018-04-20 17:16:21 INFO  rootLogger:228 - Class: UtilFunctions; Method: getElementFromJSONFile
2018-04-20 17:16:21 INFO  rootLogger:228 - Return: input_name
2018-04-20 17:16:21 INFO  rootLogger:228 - id present
2018-04-20 17:16:21 INFO  rootLogger:228 - Text box textPath: input_name
2018-04-20 17:16:21 INFO  rootLogger:228 - Text box textMethod: id
2018-04-20 17:16:21 INFO  rootLogger:228 - Class: Page; Method: findTextBox
2018-04-20 17:16:21 INFO  rootLogger:228 - Text box name: input_name
2018-04-20 17:16:21 INFO  rootLogger:228 - Class: SeleniumFunctions; Method: explicitWait
2018-04-20 17:16:21 INFO  rootLogger:228 - frame: //*[(local-name()='input' or local-name()='textarea') and (@name='input_name' or @id='input_name' or @testid='input_name')];xpath
2018-04-20 17:16:21 INFO  rootLogger:228 - Class: SeleniumFunctions; Method: setByValues
2018-04-20 17:16:21 INFO  rootLogger:228 - propField: //*[(local-name()='input' or local-name()='textarea') and (@name='input_name' or @id='input_name' or @testid='input_name')];xpath
2018-04-20 17:16:21 INFO  rootLogger:228 - switchType: xpath
2018-04-20 17:16:21 INFO  rootLogger:228 - switchValue: //*[(local-name()='input' or local-name()='textarea') and (@name='input_name' or @id='input_name' or @testid='input_name')]
2018-04-20 17:16:21 INFO  rootLogger:228 - Class: SeleniumFunctions; Method: findElement
2018-04-20 17:16:21 INFO  rootLogger:228 - Class: SeleniumFunctions; Method: explicitWait
2018-04-20 17:16:21 INFO  rootLogger:228 - frame: 
2018-04-20 17:16:22 INFO  rootLogger:228 - Text box 'PleaseEnterName' object not null. Entered Value: 'bilekahalli'. Returning true.
2018-04-20 17:16:22 INFO  rootLogger:228 - Class: GlobalStepdefs; Method: enterInTheField : Complete
2018-04-20 17:16:22 INFO  rootLogger:228 - Class: GlobalStepdefs; Method: enterInTheField : Start
2018-04-20 17:16:22 INFO  rootLogger:228 - Class: Hooks; Method: getDriver
2018-04-20 17:16:22 INFO  rootLogger:228 - get driver object
2018-04-20 17:16:22 INFO  rootLogger:228 - Class: Page; Method: setTextBox
2018-04-20 17:16:22 INFO  rootLogger:228 - Current page name: ServiceProvider
2018-04-20 17:16:22 INFO  rootLogger:228 - Text box field name: PleaseEnteraddress
2018-04-20 17:16:22 INFO  rootLogger:228 - Class: UtilFunctions; Method: getJSONFileObjBasedOnPageName
2018-04-20 17:16:22 INFO  rootLogger:228 - Class: UtilFunctions; Method: getElementStringAndType
2018-04-20 17:16:22 INFO  rootLogger:228 - Class: UtilFunctions; Method: getElementFromJSONFile
2018-04-20 17:16:22 INFO  rootLogger:228 - Return: null
2018-04-20 17:16:22 INFO  rootLogger:228 - Class: UtilFunctions; Method: getElementFromJSONFile
2018-04-20 17:16:22 INFO  rootLogger:228 - Return: input_address
2018-04-20 17:16:22 INFO  rootLogger:228 - Class: UtilFunctions; Method: getElementFromJSONFile
2018-04-20 17:16:22 INFO  rootLogger:228 - Return: input_address
2018-04-20 17:16:22 INFO  rootLogger:228 - id present
2018-04-20 17:16:22 INFO  rootLogger:228 - Text box textPath: input_address
2018-04-20 17:16:22 INFO  rootLogger:228 - Text box textMethod: id
2018-04-20 17:16:22 INFO  rootLogger:228 - Class: Page; Method: findTextBox
2018-04-20 17:16:22 INFO  rootLogger:228 - Text box name: input_address
2018-04-20 17:16:22 INFO  rootLogger:228 - Class: SeleniumFunctions; Method: explicitWait
2018-04-20 17:16:22 INFO  rootLogger:228 - frame: //*[(local-name()='input' or local-name()='textarea') and (@name='input_address' or @id='input_address' or @testid='input_address')];xpath
2018-04-20 17:16:22 INFO  rootLogger:228 - Class: SeleniumFunctions; Method: setByValues
2018-04-20 17:16:22 INFO  rootLogger:228 - propField: //*[(local-name()='input' or local-name()='textarea') and (@name='input_address' or @id='input_address' or @testid='input_address')];xpath
2018-04-20 17:16:22 INFO  rootLogger:228 - switchType: xpath
2018-04-20 17:16:22 INFO  rootLogger:228 - switchValue: //*[(local-name()='input' or local-name()='textarea') and (@name='input_address' or @id='input_address' or @testid='input_address')]
2018-04-20 17:16:22 INFO  rootLogger:228 - Class: SeleniumFunctions; Method: findElement
2018-04-20 17:16:22 INFO  rootLogger:228 - Class: SeleniumFunctions; Method: explicitWait
2018-04-20 17:16:22 INFO  rootLogger:228 - frame: 
2018-04-20 17:16:23 INFO  rootLogger:228 - Text box 'PleaseEnteraddress' object not null. Entered Value: 'dsr galleria'. Returning true.
2018-04-20 17:16:23 INFO  rootLogger:228 - Class: GlobalStepdefs; Method: enterInTheField : Complete
2018-04-20 17:16:23 INFO  rootLogger:228 - Class: GlobalStepdefs; Method: enterInTheField : Start
2018-04-20 17:16:23 INFO  rootLogger:228 - Class: Hooks; Method: getDriver
2018-04-20 17:16:23 INFO  rootLogger:228 - get driver object
2018-04-20 17:16:23 INFO  rootLogger:228 - Class: Page; Method: setTextBox
2018-04-20 17:16:23 INFO  rootLogger:228 - Current page name: ServiceProvider
2018-04-20 17:16:23 INFO  rootLogger:228 - Text box field name: PleaseEnterlandmark
2018-04-20 17:16:23 INFO  rootLogger:228 - Class: UtilFunctions; Method: getJSONFileObjBasedOnPageName
2018-04-20 17:16:23 INFO  rootLogger:228 - Class: UtilFunctions; Method: getElementStringAndType
2018-04-20 17:16:23 INFO  rootLogger:228 - Class: UtilFunctions; Method: getElementFromJSONFile
2018-04-20 17:16:23 INFO  rootLogger:228 - Return: null
2018-04-20 17:16:23 INFO  rootLogger:228 - Class: UtilFunctions; Method: getElementFromJSONFile
2018-04-20 17:16:23 INFO  rootLogger:228 - Return: input_landmark
2018-04-20 17:16:23 INFO  rootLogger:228 - Class: UtilFunctions; Method: getElementFromJSONFile
2018-04-20 17:16:23 INFO  rootLogger:228 - Return: input_landmark
2018-04-20 17:16:23 INFO  rootLogger:228 - id present
2018-04-20 17:16:23 INFO  rootLogger:228 - Text box textPath: input_landmark
2018-04-20 17:16:23 INFO  rootLogger:228 - Text box textMethod: id
2018-04-20 17:16:23 INFO  rootLogger:228 - Class: Page; Method: findTextBox
2018-04-20 17:16:23 INFO  rootLogger:228 - Text box name: input_landmark
2018-04-20 17:16:23 INFO  rootLogger:228 - Class: SeleniumFunctions; Method: explicitWait
2018-04-20 17:16:23 INFO  rootLogger:228 - frame: //*[(local-name()='input' or local-name()='textarea') and (@name='input_landmark' or @id='input_landmark' or @testid='input_landmark')];xpath
2018-04-20 17:16:24 INFO  rootLogger:228 - Class: SeleniumFunctions; Method: setByValues
2018-04-20 17:16:24 INFO  rootLogger:228 - propField: //*[(local-name()='input' or local-name()='textarea') and (@name='input_landmark' or @id='input_landmark' or @testid='input_landmark')];xpath
2018-04-20 17:16:24 INFO  rootLogger:228 - switchType: xpath
2018-04-20 17:16:24 INFO  rootLogger:228 - switchValue: //*[(local-name()='input' or local-name()='textarea') and (@name='input_landmark' or @id='input_landmark' or @testid='input_landmark')]
2018-04-20 17:16:24 INFO  rootLogger:228 - Class: SeleniumFunctions; Method: findElement
2018-04-20 17:16:24 INFO  rootLogger:228 - Class: SeleniumFunctions; Method: explicitWait
2018-04-20 17:16:24 INFO  rootLogger:228 - frame: 
2018-04-20 17:16:25 INFO  rootLogger:228 - Text box 'PleaseEnterlandmark' object not null. Entered Value: 'signal'. Returning true.
2018-04-20 17:16:25 INFO  rootLogger:228 - Class: GlobalStepdefs; Method: enterInTheField : Complete
2018-04-20 17:16:25 INFO  rootLogger:228 - Class: GlobalStepdefs; Method: enterInTheField : Start
2018-04-20 17:16:25 INFO  rootLogger:228 - Class: Hooks; Method: getDriver
2018-04-20 17:16:25 INFO  rootLogger:228 - get driver object
2018-04-20 17:16:25 INFO  rootLogger:228 - Class: Page; Method: setTextBox
2018-04-20 17:16:25 INFO  rootLogger:228 - Current page name: ServiceProvider
2018-04-20 17:16:25 INFO  rootLogger:228 - Text box field name: PleaseEnternearBy
2018-04-20 17:16:25 INFO  rootLogger:228 - Class: UtilFunctions; Method: getJSONFileObjBasedOnPageName
2018-04-20 17:16:25 INFO  rootLogger:228 - Class: UtilFunctions; Method: getElementStringAndType
2018-04-20 17:16:25 INFO  rootLogger:228 - Class: UtilFunctions; Method: getElementFromJSONFile
2018-04-20 17:16:25 INFO  rootLogger:228 - Return: null
2018-04-20 17:16:25 INFO  rootLogger:228 - Class: UtilFunctions; Method: getElementFromJSONFile
2018-04-20 17:16:25 INFO  rootLogger:228 - Return: input_nearBy1
2018-04-20 17:16:25 INFO  rootLogger:228 - Class: UtilFunctions; Method: getElementFromJSONFile
2018-04-20 17:16:25 INFO  rootLogger:228 - Return: input_nearBy1
2018-04-20 17:16:25 INFO  rootLogger:228 - id present
2018-04-20 17:16:25 INFO  rootLogger:228 - Text box textPath: input_nearBy1
2018-04-20 17:16:25 INFO  rootLogger:228 - Text box textMethod: id
2018-04-20 17:16:25 INFO  rootLogger:228 - Class: Page; Method: findTextBox
2018-04-20 17:16:25 INFO  rootLogger:228 - Text box name: input_nearBy1
2018-04-20 17:16:25 INFO  rootLogger:228 - Class: SeleniumFunctions; Method: explicitWait
2018-04-20 17:16:25 INFO  rootLogger:228 - frame: //*[(local-name()='input' or local-name()='textarea') and (@name='input_nearBy1' or @id='input_nearBy1' or @testid='input_nearBy1')];xpath
2018-04-20 17:16:25 INFO  rootLogger:228 - Class: SeleniumFunctions; Method: setByValues
2018-04-20 17:16:25 INFO  rootLogger:228 - propField: //*[(local-name()='input' or local-name()='textarea') and (@name='input_nearBy1' or @id='input_nearBy1' or @testid='input_nearBy1')];xpath
2018-04-20 17:16:25 INFO  rootLogger:228 - switchType: xpath
2018-04-20 17:16:25 INFO  rootLogger:228 - switchValue: //*[(local-name()='input' or local-name()='textarea') and (@name='input_nearBy1' or @id='input_nearBy1' or @testid='input_nearBy1')]
2018-04-20 17:16:25 INFO  rootLogger:228 - Class: SeleniumFunctions; Method: findElement
2018-04-20 17:16:25 INFO  rootLogger:228 - Class: SeleniumFunctions; Method: explicitWait
2018-04-20 17:16:25 INFO  rootLogger:228 - frame: 
2018-04-20 17:16:26 INFO  rootLogger:228 - Text box 'PleaseEnternearBy' object not null. Entered Value: 'incubex'. Returning true.
2018-04-20 17:16:26 INFO  rootLogger:228 - Class: GlobalStepdefs; Method: enterInTheField : Complete
2018-04-20 17:16:26 INFO  rootLogger:228 - Class: GlobalStepdefs; Method: enterInTheField : Start
2018-04-20 17:16:26 INFO  rootLogger:228 - Class: Hooks; Method: getDriver
2018-04-20 17:16:26 INFO  rootLogger:228 - get driver object
2018-04-20 17:16:26 INFO  rootLogger:228 - Class: Page; Method: setTextBox
2018-04-20 17:16:26 INFO  rootLogger:228 - Current page name: ServiceProvider
2018-04-20 17:16:26 INFO  rootLogger:228 - Text box field name: TermsAndConditions
2018-04-20 17:16:26 INFO  rootLogger:228 - Class: UtilFunctions; Method: getJSONFileObjBasedOnPageName
2018-04-20 17:16:26 INFO  rootLogger:228 - Class: UtilFunctions; Method: getElementStringAndType
2018-04-20 17:16:26 INFO  rootLogger:228 - Class: UtilFunctions; Method: getElementFromJSONFile
2018-04-20 17:16:26 INFO  rootLogger:228 - Return: null
2018-04-20 17:16:26 INFO  rootLogger:228 - Class: UtilFunctions; Method: getElementFromJSONFile
2018-04-20 17:16:26 INFO  rootLogger:228 - Return: textArea_termsAndConditions
2018-04-20 17:16:26 INFO  rootLogger:228 - Class: UtilFunctions; Method: getElementFromJSONFile
2018-04-20 17:16:26 INFO  rootLogger:228 - Return: textArea_termsAndConditions
2018-04-20 17:16:26 INFO  rootLogger:228 - id present
2018-04-20 17:16:26 INFO  rootLogger:228 - Text box textPath: textArea_termsAndConditions
2018-04-20 17:16:26 INFO  rootLogger:228 - Text box textMethod: id
2018-04-20 17:16:26 INFO  rootLogger:228 - Class: Page; Method: findTextBox
2018-04-20 17:16:26 INFO  rootLogger:228 - Text box name: textArea_termsAndConditions
2018-04-20 17:16:26 INFO  rootLogger:228 - Class: SeleniumFunctions; Method: explicitWait
2018-04-20 17:16:26 INFO  rootLogger:228 - frame: //*[(local-name()='input' or local-name()='textarea') and (@name='textArea_termsAndConditions' or @id='textArea_termsAndConditions' or @testid='textArea_termsAndConditions')];xpath
2018-04-20 17:16:26 INFO  rootLogger:228 - Class: SeleniumFunctions; Method: setByValues
2018-04-20 17:16:26 INFO  rootLogger:228 - propField: //*[(local-name()='input' or local-name()='textarea') and (@name='textArea_termsAndConditions' or @id='textArea_termsAndConditions' or @testid='textArea_termsAndConditions')];xpath
2018-04-20 17:16:26 INFO  rootLogger:228 - switchType: xpath
2018-04-20 17:16:26 INFO  rootLogger:228 - switchValue: //*[(local-name()='input' or local-name()='textarea') and (@name='textArea_termsAndConditions' or @id='textArea_termsAndConditions' or @testid='textArea_termsAndConditions')]
2018-04-20 17:16:26 INFO  rootLogger:228 - Class: SeleniumFunctions; Method: findElement
2018-04-20 17:16:26 INFO  rootLogger:228 - Class: SeleniumFunctions; Method: explicitWait
2018-04-20 17:16:26 INFO  rootLogger:228 - frame: 
2018-04-20 17:16:28 INFO  rootLogger:228 - Text box 'TermsAndConditions' object not null. Entered Value: 'These terms and conditions, are subjected to change from time to time, shall apply to all our services'. Returning true.
2018-04-20 17:16:28 INFO  rootLogger:228 - Class: GlobalStepdefs; Method: enterInTheField : Complete
2018-04-20 17:16:28 INFO  rootLogger:228 - Class: GlobalStepdefs; Method: clickButton : Start
2018-04-20 17:16:28 INFO  rootLogger:228 - Class: Hooks; Method: getDriver
2018-04-20 17:16:28 INFO  rootLogger:228 - get driver object
2018-04-20 17:16:28 INFO  rootLogger:228 - Class: Page; Method: clickButton
2018-04-20 17:16:28 INFO  rootLogger:228 - Current page name: ServiceProvider
2018-04-20 17:16:28 INFO  rootLogger:228 - Button to be clicked: Add
2018-04-20 17:16:28 INFO  rootLogger:228 - Class: UtilFunctions; Method: getJSONFileObjBasedOnPageName
2018-04-20 17:16:28 INFO  rootLogger:228 - Class: UtilFunctions; Method: getElementStringAndType
2018-04-20 17:16:28 INFO  rootLogger:228 - Class: UtilFunctions; Method: getElementFromJSONFile
2018-04-20 17:16:28 INFO  rootLogger:228 - Return: null
2018-04-20 17:16:28 INFO  rootLogger:228 - Class: UtilFunctions; Method: getElementFromJSONFile
2018-04-20 17:16:28 INFO  rootLogger:228 - Return: button_add
2018-04-20 17:16:28 INFO  rootLogger:228 - Class: UtilFunctions; Method: getElementFromJSONFile
2018-04-20 17:16:28 INFO  rootLogger:228 - Return: button_add
2018-04-20 17:16:28 INFO  rootLogger:228 - id present
2018-04-20 17:16:28 INFO  rootLogger:228 - Class: SeleniumFunctions; Method: explicitWait
2018-04-20 17:16:28 INFO  rootLogger:228 - frame: button_add;id
2018-04-20 17:16:28 INFO  rootLogger:228 - Class: SeleniumFunctions; Method: setByValues
2018-04-20 17:16:28 INFO  rootLogger:228 - propField: button_add;id
2018-04-20 17:16:28 INFO  rootLogger:228 - switchType: id
2018-04-20 17:16:28 INFO  rootLogger:228 - switchValue: button_add
2018-04-20 17:16:28 INFO  rootLogger:228 - Class: SeleniumFunctions; Method: findElement
2018-04-20 17:16:28 INFO  rootLogger:228 - Class: SeleniumFunctions; Method: explicitWait
2018-04-20 17:16:28 INFO  rootLogger:228 - frame: 
2018-04-20 17:16:29 INFO  rootLogger:228 - Button 'Add' object not null and is clicked. Returning true.
2018-04-20 17:16:29 INFO  rootLogger:228 - Class: GlobalStepdefs; Method: clickButton : Complete
2018-04-20 17:16:29 INFO  rootLogger:228 - Class: GlobalStepdefs; Method: clickButton : Start
2018-04-20 17:16:29 INFO  rootLogger:228 - Class: Hooks; Method: getDriver
2018-04-20 17:16:29 INFO  rootLogger:228 - get driver object
2018-04-20 17:16:29 INFO  rootLogger:228 - Class: Page; Method: clickButton
2018-04-20 17:16:29 INFO  rootLogger:228 - Current page name: ServiceProvider
2018-04-20 17:16:29 INFO  rootLogger:228 - Button to be clicked: OK
2018-04-20 17:16:29 INFO  rootLogger:228 - Class: UtilFunctions; Method: getJSONFileObjBasedOnPageName
2018-04-20 17:16:29 INFO  rootLogger:228 - Class: UtilFunctions; Method: getElementStringAndType
2018-04-20 17:16:29 INFO  rootLogger:228 - Class: UtilFunctions; Method: getElementFromJSONFile
2018-04-20 17:16:29 INFO  rootLogger:228 - Return: //button[@class='consumerModuleButtons' and text()='OK' and parent::div[@class='popup-footer']]
2018-04-20 17:16:29 INFO  rootLogger:228 - Class: UtilFunctions; Method: getElementFromJSONFile
2018-04-20 17:16:29 INFO  rootLogger:228 - Return: //button[@class='consumerModuleButtons' and text()='OK' and parent::div[@class='popup-footer']]
2018-04-20 17:16:29 INFO  rootLogger:228 - xpath present
2018-04-20 17:16:29 INFO  rootLogger:228 - Class: SeleniumFunctions; Method: explicitWait
2018-04-20 17:16:29 INFO  rootLogger:228 - frame: //button[@class='consumerModuleButtons' and text()='OK' and parent::div[@class='popup-footer']];xpath
2018-04-20 17:16:40 INFO  rootLogger:228 - Element not found after timeout of 10 seconds. Exception: Expected condition failed: waiting for visibility of element located by By.xpath: //button[@class='consumerModuleButtons' and text()='OK' and parent::div[@class='popup-footer']] (tried for 10 second(s) with 500 MILLISECONDS interval)
2018-04-20 17:16:40 INFO  rootLogger:228 - Class: SeleniumFunctions; Method: setByValues
2018-04-20 17:16:40 INFO  rootLogger:228 - propField: //button[@class='consumerModuleButtons' and text()='OK' and parent::div[@class='popup-footer']];xpath
2018-04-20 17:16:40 INFO  rootLogger:228 - switchType: xpath
2018-04-20 17:16:40 INFO  rootLogger:228 - switchValue: //button[@class='consumerModuleButtons' and text()='OK' and parent::div[@class='popup-footer']]
2018-04-20 17:16:40 INFO  rootLogger:228 - Class: SeleniumFunctions; Method: findElement
2018-04-20 17:16:40 INFO  rootLogger:228 - Class: SeleniumFunctions; Method: explicitWait
2018-04-20 17:16:40 INFO  rootLogger:228 - frame: 
2018-04-20 17:16:40 INFO  rootLogger:228 - Class: Hooks; Method: getDriver
2018-04-20 17:16:40 INFO  rootLogger:228 - get driver object
2018-04-20 17:16:40 INFO  rootLogger:228 - Class: Hooks; Method: getDriver
2018-04-20 17:16:40 INFO  rootLogger:228 - get driver object
2018-04-20 17:16:41 INFO  rootLogger:228 - Button 'OK' object not null and is clicked. Returning true.
2018-04-20 17:16:41 INFO  rootLogger:228 - Class: GlobalStepdefs; Method: clickButton : Complete
2018-04-20 17:16:41 INFO  rootLogger:228 - Class: GlobalStepdefs; Method: selectFromDropdown : Start
2018-04-20 17:16:41 INFO  rootLogger:228 - Class: Hooks; Method: getDriver
2018-04-20 17:16:41 INFO  rootLogger:228 - get driver object
2018-04-20 17:16:41 INFO  rootLogger:228 - Class: Page; Method: selectDropDownInPane
2018-04-20 17:16:41 INFO  rootLogger:228 - Current tab name: ServiceProvider
2018-04-20 17:16:41 INFO  rootLogger:228 - Class: UtilFunctions; Method: getJSONFileObjBasedOnPageName
2018-04-20 17:16:41 INFO  rootLogger:228 - PaneName: ServiceProvider
2018-04-20 17:16:41 INFO  rootLogger:228 - Dropdown Name: Building/Location
2018-04-20 17:16:41 INFO  rootLogger:228 - Class: UtilFunctions; Method: getElementStringAndType
2018-04-20 17:16:41 INFO  rootLogger:228 - Class: UtilFunctions; Method: getElementFromJSONFile
2018-04-20 17:16:41 INFO  rootLogger:228 - Return: null
2018-04-20 17:16:41 INFO  rootLogger:228 - Class: UtilFunctions; Method: getElementFromJSONFile
2018-04-20 17:16:41 INFO  rootLogger:228 - Return: select_location
2018-04-20 17:16:41 INFO  rootLogger:228 - Class: UtilFunctions; Method: getElementFromJSONFile
2018-04-20 17:16:41 INFO  rootLogger:228 - Return: select_location
2018-04-20 17:16:41 INFO  rootLogger:228 - id present
2018-04-20 17:16:41 INFO  rootLogger:228 - Class: Page; Method: selectDropDownOption
2018-04-20 17:16:41 INFO  rootLogger:228 - Class: SeleniumFunctions; Method: explicitWait
2018-04-20 17:16:41 INFO  rootLogger:228 - frame: select_location;id
2018-04-20 17:16:41 INFO  rootLogger:228 - Class: SeleniumFunctions; Method: setByValues
2018-04-20 17:16:41 INFO  rootLogger:228 - propField: select_location;id
2018-04-20 17:16:41 INFO  rootLogger:228 - switchType: id
2018-04-20 17:16:41 INFO  rootLogger:228 - switchValue: select_location
2018-04-20 17:16:41 INFO  rootLogger:228 - Class: SeleniumFunctions; Method: findElement
2018-04-20 17:16:41 INFO  rootLogger:228 - Class: SeleniumFunctions; Method: explicitWait
2018-04-20 17:16:41 INFO  rootLogger:228 - frame: 
2018-04-20 17:16:41 INFO  rootLogger:228 - Drop down element not null
2018-04-20 17:16:41 INFO  rootLogger:228 - Item bilekahalli not selected from drop down due to Exception: Element <select id="select_location" class="inputContainer requiredFields locatiobSelector ng-untouched ng-pristine ng-valid"> is not clickable at point (623.375,744) because another element <div class="confirmAlert"> obscures it
Build info: version: '3.5.3', revision: 'a88d25fe6b', time: '2017-08-29T12:42:44.417Z'
System info: host: 'LENOVO', ip: '192.168.3.132', os.name: 'Windows 7', os.arch: 'amd64', os.version: '6.1', java.version: '1.8.0_144'
Driver info: org.openqa.selenium.firefox.FirefoxDriver
Capabilities [{moz:profile=C:\Users\aparna\AppData\Local\Temp\rust_mozprofile.sBHUH5Z0w1yW, rotatable=false, timeouts={implicit=0, pageLoad=300000, script=30000}, pageLoadStrategy=normal, moz:headless=false, platform=XP, moz:accessibilityChecks=false, moz:useNonSpecCompliantPointerOrigin=false, acceptInsecureCerts=false, browserVersion=59.0.2, platformVersion=6.1, moz:processID=6496, browserName=firefox, javascriptEnabled=true, platformName=XP, moz:webdriverClick=true}]
Session ID: 69554c7c-4dea-443b-b5b0-c98e57018eb6
2018-04-20 17:16:41 INFO  rootLogger:228 - Item bilekahalli not selected from dropDown Building/Location due to Exception: Element <select id="select_location" class="inputContainer requiredFields locatiobSelector ng-untouched ng-pristine ng-valid"> is not clickable at point (623.375,744) because another element <div class="confirmAlert"> obscures it
Build info: version: '3.5.3', revision: 'a88d25fe6b', time: '2017-08-29T12:42:44.417Z'
System info: host: 'LENOVO', ip: '192.168.3.132', os.name: 'Windows 7', os.arch: 'amd64', os.version: '6.1', java.version: '1.8.0_144'
Driver info: org.openqa.selenium.firefox.FirefoxDriver
Capabilities [{moz:profile=C:\Users\aparna\AppData\Local\Temp\rust_mozprofile.sBHUH5Z0w1yW, rotatable=false, timeouts={implicit=0, pageLoad=300000, script=30000}, pageLoadStrategy=normal, moz:headless=false, platform=XP, moz:accessibilityChecks=false, moz:useNonSpecCompliantPointerOrigin=false, acceptInsecureCerts=false, browserVersion=59.0.2, platformVersion=6.1, moz:processID=6496, browserName=firefox, javascriptEnabled=true, platformName=XP, moz:webdriverClick=true}]
Session ID: 69554c7c-4dea-443b-b5b0-c98e57018eb6
2018-04-20 17:16:42 INFO  rootLogger:228 - Class: Hooks; Method: closeBrowserAndTakeScreenShot
2018-04-20 17:16:42 INFO  rootLogger:228 - Scenario: Verify Conference Facility Creation - Failed
2018-04-20 17:16:42 INFO  rootLogger:228 - Class: Hooks; Method: takeScreenShot
2018-04-20 17:16:43 INFO  rootLogger:228 - Browser closed
2018-04-20 17:16:43 INFO  rootLogger:228 - Tried to kill process with PID: 
2018-04-20 17:16:43 INFO  rootLogger:228 - Scenario: Verify Conference Facility Creation complete.
2018-04-20 17:16:43 INFO  rootLogger:228 - Class: Hooks; Method: setUp
2018-04-20 17:16:43 INFO  rootLogger:228 - Scenario: Verify  conference Block Facility starting.
2018-04-20 17:16:43 INFO  rootLogger:228 - Scenario Tag Name: @Sanity1
2018-04-20 17:16:43 INFO  rootLogger:228 - Class: LoginStepdefs; Method: applicationLogin : Start
2018-04-20 17:16:43 INFO  rootLogger:228 - Class: Hooks; Method: openBrowser
2018-04-20 17:16:43 INFO  rootLogger:228 - userName: myappssolutions33@gmail.com
2018-04-20 17:16:43 INFO  rootLogger:228 - Class: SetUpFile; Method: setUpBrowser
2018-04-20 17:16:49 INFO  rootLogger:228 - Firefox driver initialized
2018-04-20 17:16:49 INFO  rootLogger:228 - Error getting child PID for geckodriver.exe from parent process 3532. Cannot run program "wmic": CreateProcess error=2, The system cannot find the file specified
2018-04-20 17:16:49 INFO  rootLogger:228 - Error getting child PID for firefox.exe from parent process . Cannot run program "wmic": CreateProcess error=2, The system cannot find the file specified
2018-04-20 17:16:49 INFO  rootLogger:228 - Class: Hooks; Method: setDriver
2018-04-20 17:16:49 INFO  rootLogger:228 - get driver object
2018-04-20 17:16:49 INFO  rootLogger:228 - Class: SetUpFile; Method: openURL
2018-04-20 17:17:04 INFO  rootLogger:228 - Class: SetUpFile; Method: logInApplication
2018-04-20 17:17:04 INFO  rootLogger:228 - Class: UtilFunctions; Method: getJSONFileObjBasedOnPageName
2018-04-20 17:17:04 INFO  rootLogger:228 - Class: UtilFunctions; Method: getElementFromJSONFile
2018-04-20 17:17:05 INFO  rootLogger:228 - Return: username
2018-04-20 17:17:05 INFO  rootLogger:228 - Class: UtilFunctions; Method: getElementFromJSONFile
2018-04-20 17:17:05 INFO  rootLogger:228 - Return: password
2018-04-20 17:17:05 INFO  rootLogger:228 - Class: UtilFunctions; Method: getElementFromJSONFile
2018-04-20 17:17:05 INFO  rootLogger:228 - Return: null
2018-04-20 17:17:05 INFO  rootLogger:228 - Class: SeleniumFunctions; Method: findElement
2018-04-20 17:17:05 INFO  rootLogger:228 - Class: SeleniumFunctions; Method: explicitWait
2018-04-20 17:17:05 INFO  rootLogger:228 - frame: 
2018-04-20 17:17:05 INFO  rootLogger:228 - UserName: myappssolutions33@gmail.com entered
2018-04-20 17:17:05 INFO  rootLogger:228 - Class: SeleniumFunctions; Method: findElement
2018-04-20 17:17:05 INFO  rootLogger:228 - Class: SeleniumFunctions; Method: explicitWait
2018-04-20 17:17:05 INFO  rootLogger:228 - frame: 
2018-04-20 17:17:06 INFO  rootLogger:228 - Password: password1 entered
2018-04-20 17:17:06 INFO  rootLogger:228 - Class: UtilFunctions; Method: getElementFromJSONFile
2018-04-20 17:17:06 INFO  rootLogger:228 - Return: //button[@class='consumerModuleButtons submitButton' and text()='Sign in']
2018-04-20 17:17:06 INFO  rootLogger:228 - Class: SeleniumFunctions; Method: setByValues
2018-04-20 17:17:06 INFO  rootLogger:228 - propField: //button[@class='consumerModuleButtons submitButton' and text()='Sign in']
2018-04-20 17:17:06 INFO  rootLogger:228 - switchType: xpath
2018-04-20 17:17:06 INFO  rootLogger:228 - switchValue: //button[@class='consumerModuleButtons submitButton' and text()='Sign in']
2018-04-20 17:17:06 INFO  rootLogger:228 - Class: SeleniumFunctions; Method: findElement
2018-04-20 17:17:06 INFO  rootLogger:228 - Class: SeleniumFunctions; Method: explicitWait
2018-04-20 17:17:06 INFO  rootLogger:228 - frame: 
2018-04-20 17:17:08 INFO  rootLogger:228 - Login button clicked
2018-04-20 17:17:08 INFO  rootLogger:228 - Class: SeleniumFunctions; Method: switchToNewWindow
2018-04-20 17:17:08 INFO  rootLogger:228 - parentWindow: 4294967297
2018-04-20 17:17:08 INFO  rootLogger:228 - windowHandle: 4294967297
2018-04-20 17:17:08 INFO  rootLogger:228 - Class: Hooks; Method: setDriver
2018-04-20 17:17:08 INFO  rootLogger:228 - get driver object
2018-04-20 17:17:08 INFO  rootLogger:228 - Class: LoginStepdefs; Method: applicationLogin : Complete
2018-04-20 17:17:08 INFO  rootLogger:228 - Class: GlobalStepdefs; Method: waitForSpecifiedTime : Start
2018-04-20 17:17:28 INFO  rootLogger:228 - Class: GlobalStepdefs; Method: waitForSpecifiedTime : Complete
2018-04-20 17:17:28 INFO  rootLogger:228 - Class: GlobalStepdefs; Method: checkPageLoad : Start
2018-04-20 17:17:28 INFO  rootLogger:228 - Class: Hooks; Method: getDriver
2018-04-20 17:17:28 INFO  rootLogger:228 - get driver object
2018-04-20 17:17:28 INFO  rootLogger:228 - Class: Page; Method: findPage
2018-04-20 17:17:28 INFO  rootLogger:228 - Current tab name: ServiceProvider
2018-04-20 17:17:28 INFO  rootLogger:228 - PaneName: ServiceProvider
2018-04-20 17:17:28 INFO  rootLogger:228 - Class: UtilFunctions; Method: getJSONFileObjBasedOnPageName
2018-04-20 17:17:28 INFO  rootLogger:228 - Class: UtilFunctions; Method: getElementFromJSONFile
2018-04-20 17:17:28 INFO  rootLogger:228 - Exception: null
2018-04-20 17:17:28 INFO  rootLogger:228 - Pane xpath: null
2018-04-20 17:17:28 INFO  rootLogger:228 - Class: Hooks; Method: getDriver
2018-04-20 17:17:28 INFO  rootLogger:228 - get driver object
2018-04-20 17:17:28 INFO  rootLogger:228 - Class: SeleniumFunctions; Method: explicitWait
2018-04-20 17:17:28 INFO  rootLogger:228 - frame: 
2018-04-20 17:17:28 INFO  rootLogger:228 - Class: SeleniumFunctions; Method: findElement
2018-04-20 17:17:28 INFO  rootLogger:228 - Class: SeleniumFunctions; Method: explicitWait
2018-04-20 17:17:28 INFO  rootLogger:228 - frame: 
2018-04-20 17:17:28 INFO  rootLogger:228 - Class: GlobalStepdefs; Method: checkPageLoad : Complete
2018-04-20 17:17:28 INFO  rootLogger:228 - Class: GlobalStepdefs; Method: clickMiscElement : Start
2018-04-20 17:17:28 INFO  rootLogger:228 - Pagename: ServiceProvider
2018-04-20 17:17:28 INFO  rootLogger:228 - Class: Hooks; Method: getDriver
2018-04-20 17:17:28 INFO  rootLogger:228 - get driver object
2018-04-20 17:17:28 INFO  rootLogger:228 - Class: Page; Method: clickMiscElement
2018-04-20 17:17:28 INFO  rootLogger:228 - Current tab name: ServiceProvider
2018-04-20 17:17:28 INFO  rootLogger:228 - ImageName: Facility
2018-04-20 17:17:28 INFO  rootLogger:228 - Class: UtilFunctions; Method: getJSONFileObjBasedOnPageName
2018-04-20 17:17:28 INFO  rootLogger:228 - Class: UtilFunctions; Method: getElementStringAndType
2018-04-20 17:17:28 INFO  rootLogger:228 - Class: UtilFunctions; Method: getElementFromJSONFile
2018-04-20 17:17:28 INFO  rootLogger:228 - Return: //p[text()='Facility']
2018-04-20 17:17:28 INFO  rootLogger:228 - Class: UtilFunctions; Method: getElementFromJSONFile
2018-04-20 17:17:28 INFO  rootLogger:228 - Return: //p[text()='Facility']
2018-04-20 17:17:28 INFO  rootLogger:228 - xpath present
2018-04-20 17:17:28 INFO  rootLogger:228 - Class: SeleniumFunctions; Method: explicitWait
2018-04-20 17:17:28 INFO  rootLogger:228 - frame: //p[text()='Facility'];xpath
2018-04-20 17:17:28 INFO  rootLogger:228 - Class: SeleniumFunctions; Method: setByValues
2018-04-20 17:17:28 INFO  rootLogger:228 - propField: //p[text()='Facility'];xpath
2018-04-20 17:17:28 INFO  rootLogger:228 - switchType: xpath
2018-04-20 17:17:28 INFO  rootLogger:228 - switchValue: //p[text()='Facility']
2018-04-20 17:17:28 INFO  rootLogger:228 - Class: SeleniumFunctions; Method: findElement
2018-04-20 17:17:28 INFO  rootLogger:228 - Class: SeleniumFunctions; Method: explicitWait
2018-04-20 17:17:28 INFO  rootLogger:228 - frame: 
2018-04-20 17:17:30 INFO  rootLogger:228 - Element: 'Facility' exist and clicked. Returning true.
2018-04-20 17:17:30 INFO  rootLogger:228 - Class: GlobalStepdefs; Method: enterInTheField : Start
2018-04-20 17:17:30 INFO  rootLogger:228 - Class: Hooks; Method: getDriver
2018-04-20 17:17:30 INFO  rootLogger:228 - get driver object
2018-04-20 17:17:30 INFO  rootLogger:228 - Class: Page; Method: setTextBox
2018-04-20 17:17:30 INFO  rootLogger:228 - Current page name: ServiceProvider
2018-04-20 17:17:30 INFO  rootLogger:228 - Text box field name: FacilityTitle
2018-04-20 17:17:30 INFO  rootLogger:228 - Class: UtilFunctions; Method: getJSONFileObjBasedOnPageName
2018-04-20 17:17:30 INFO  rootLogger:228 - Class: UtilFunctions; Method: getElementStringAndType
2018-04-20 17:17:30 INFO  rootLogger:228 - Class: UtilFunctions; Method: getElementFromJSONFile
2018-04-20 17:17:30 INFO  rootLogger:228 - Return: null
2018-04-20 17:17:30 INFO  rootLogger:228 - Class: UtilFunctions; Method: getElementFromJSONFile
2018-04-20 17:17:30 INFO  rootLogger:228 - Return: input_search
2018-04-20 17:17:30 INFO  rootLogger:228 - Class: UtilFunctions; Method: getElementFromJSONFile
2018-04-20 17:17:30 INFO  rootLogger:228 - Return: input_search
2018-04-20 17:17:30 INFO  rootLogger:228 - id present
2018-04-20 17:17:30 INFO  rootLogger:228 - Text box textPath: input_search
2018-04-20 17:17:30 INFO  rootLogger:228 - Text box textMethod: id
2018-04-20 17:17:30 INFO  rootLogger:228 - Class: Page; Method: findTextBox
2018-04-20 17:17:30 INFO  rootLogger:228 - Text box name: input_search
2018-04-20 17:17:30 INFO  rootLogger:228 - Class: SeleniumFunctions; Method: explicitWait
2018-04-20 17:17:30 INFO  rootLogger:228 - frame: //*[(local-name()='input' or local-name()='textarea') and (@name='input_search' or @id='input_search' or @testid='input_search')];xpath
2018-04-20 17:17:30 INFO  rootLogger:228 - Class: SeleniumFunctions; Method: setByValues
2018-04-20 17:17:30 INFO  rootLogger:228 - propField: //*[(local-name()='input' or local-name()='textarea') and (@name='input_search' or @id='input_search' or @testid='input_search')];xpath
2018-04-20 17:17:30 INFO  rootLogger:228 - switchType: xpath
2018-04-20 17:17:30 INFO  rootLogger:228 - switchValue: //*[(local-name()='input' or local-name()='textarea') and (@name='input_search' or @id='input_search' or @testid='input_search')]
2018-04-20 17:17:30 INFO  rootLogger:228 - Class: SeleniumFunctions; Method: findElement
2018-04-20 17:17:30 INFO  rootLogger:228 - Class: SeleniumFunctions; Method: explicitWait
2018-04-20 17:17:30 INFO  rootLogger:228 - frame: 
2018-04-20 17:17:31 INFO  rootLogger:228 - Text box 'FacilityTitle' object not null. Entered Value: 'conference 1'. Returning true.
2018-04-20 17:17:31 INFO  rootLogger:228 - Class: GlobalStepdefs; Method: enterInTheField : Complete
2018-04-20 17:17:31 INFO  rootLogger:228 - Class: GlobalStepdefs; Method: clickButton : Start
2018-04-20 17:17:31 INFO  rootLogger:228 - Class: Hooks; Method: getDriver
2018-04-20 17:17:31 INFO  rootLogger:228 - get driver object
2018-04-20 17:17:31 INFO  rootLogger:228 - Class: Page; Method: clickButton
2018-04-20 17:17:31 INFO  rootLogger:228 - Current page name: ServiceProvider
2018-04-20 17:17:31 INFO  rootLogger:228 - Button to be clicked: Search
2018-04-20 17:17:31 INFO  rootLogger:228 - Class: UtilFunctions; Method: getJSONFileObjBasedOnPageName
2018-04-20 17:17:31 INFO  rootLogger:228 - Class: UtilFunctions; Method: getElementStringAndType
2018-04-20 17:17:31 INFO  rootLogger:228 - Class: UtilFunctions; Method: getElementFromJSONFile
2018-04-20 17:17:31 INFO  rootLogger:228 - Return: null
2018-04-20 17:17:31 INFO  rootLogger:228 - Class: UtilFunctions; Method: getElementFromJSONFile
2018-04-20 17:17:31 INFO  rootLogger:228 - Return: button_search
2018-04-20 17:17:31 INFO  rootLogger:228 - Class: UtilFunctions; Method: getElementFromJSONFile
2018-04-20 17:17:31 INFO  rootLogger:228 - Return: button_search
2018-04-20 17:17:31 INFO  rootLogger:228 - id present
2018-04-20 17:17:31 INFO  rootLogger:228 - Class: SeleniumFunctions; Method: explicitWait
2018-04-20 17:17:31 INFO  rootLogger:228 - frame: button_search;id
2018-04-20 17:17:32 INFO  rootLogger:228 - Class: SeleniumFunctions; Method: setByValues
2018-04-20 17:17:32 INFO  rootLogger:228 - propField: button_search;id
2018-04-20 17:17:32 INFO  rootLogger:228 - switchType: id
2018-04-20 17:17:32 INFO  rootLogger:228 - switchValue: button_search
2018-04-20 17:17:32 INFO  rootLogger:228 - Class: SeleniumFunctions; Method: findElement
2018-04-20 17:17:32 INFO  rootLogger:228 - Class: SeleniumFunctions; Method: explicitWait
2018-04-20 17:17:32 INFO  rootLogger:228 - frame: 
2018-04-20 17:17:33 INFO  rootLogger:228 - Button 'Search' object not null and is clicked. Returning true.
2018-04-20 17:17:33 INFO  rootLogger:228 - Class: GlobalStepdefs; Method: clickButton : Complete
2018-04-20 17:17:33 INFO  rootLogger:228 - Class: GlobalStepdefs; Method: waitForSpecifiedTime : Start
2018-04-20 17:17:38 INFO  rootLogger:228 - Class: GlobalStepdefs; Method: waitForSpecifiedTime : Complete
2018-04-20 17:17:38 INFO  rootLogger:228 - Class: ServiceProviderStepdefs; Method: selectFacility : Start
2018-04-20 17:17:38 INFO  rootLogger:228 - Class: Hooks; Method: getDriver
2018-04-20 17:17:38 INFO  rootLogger:228 - get driver object
2018-04-20 17:17:38 INFO  rootLogger:228 - Class: SeleniumFunctions; Method: findElement
2018-04-20 17:17:38 INFO  rootLogger:228 - Class: SeleniumFunctions; Method: explicitWait
2018-04-20 17:17:38 INFO  rootLogger:228 - frame: 
2018-04-20 17:17:39 INFO  rootLogger:228 - Element not found after timeout of 1 seconds. Exception: Expected condition failed: waiting for visibility of element located by By.xpath: //*[text()='No record found'] (tried for 1 second(s) with 500 MILLISECONDS interval)
2018-04-20 17:17:39 INFO  rootLogger:228 - Element not found. Returning null. Exception: Unable to locate element: //*[text()='No record found']
For documentation on this error, please visit: http://seleniumhq.org/exceptions/no_such_element.html
Build info: version: '3.5.3', revision: 'a88d25fe6b', time: '2017-08-29T12:42:44.417Z'
System info: host: 'LENOVO', ip: '192.168.3.132', os.name: 'Windows 7', os.arch: 'amd64', os.version: '6.1', java.version: '1.8.0_144'
Driver info: org.openqa.selenium.firefox.FirefoxDriver
Capabilities [{moz:profile=C:\Users\aparna\AppData\Local\Temp\rust_mozprofile.D2HtmUOgsfje, rotatable=false, timeouts={implicit=0, pageLoad=300000, script=30000}, pageLoadStrategy=normal, moz:headless=false, platform=XP, moz:accessibilityChecks=false, moz:useNonSpecCompliantPointerOrigin=false, acceptInsecureCerts=false, browserVersion=59.0.2, platformVersion=6.1, moz:processID=7940, browserName=firefox, javascriptEnabled=true, platformName=XP, moz:webdriverClick=true}]
Session ID: a502d4f1-d66d-450c-aad9-5bbd0acd9e2f
*** Element info: {Using=xpath, value=//*[text()='No record found']}
2018-04-20 17:17:41 INFO  rootLogger:228 - Class: Hooks; Method: getDriver
2018-04-20 17:17:41 INFO  rootLogger:228 - get driver object
2018-04-20 17:17:41 INFO  rootLogger:228 - Class: SeleniumFunctions; Method: findElement
2018-04-20 17:17:41 INFO  rootLogger:228 - Class: SeleniumFunctions; Method: explicitWait
2018-04-20 17:17:41 INFO  rootLogger:228 - frame: 
2018-04-20 17:17:41 INFO  rootLogger:228 - Class: Hooks; Method: getDriver
2018-04-20 17:17:41 INFO  rootLogger:228 - get driver object
2018-04-20 17:17:41 INFO  rootLogger:228 - Class: SeleniumFunctions; Method: explicitWait
2018-04-20 17:17:41 INFO  rootLogger:228 - frame: //img[@class='imgMeetingRoom' and parent::div[@class='facilityThumbnail' and child::div[@class='facilityTitleContainer' and descendant::*[contains(normalize-space(.),'conference 1')]]]];xpath
2018-04-20 17:17:43 INFO  rootLogger:228 - Class: ServiceProviderStepdefs; Method: selectFacility : Complete
2018-04-20 17:17:43 INFO  rootLogger:228 - Class: GlobalStepdefs; Method: waitForSpecifiedTime : Start
2018-04-20 17:17:46 INFO  rootLogger:228 - Class: GlobalStepdefs; Method: waitForSpecifiedTime : Complete
2018-04-20 17:17:46 INFO  rootLogger:228 - Class: GlobalStepdefs; Method: clickButton : Start
2018-04-20 17:17:46 INFO  rootLogger:228 - Class: Hooks; Method: getDriver
2018-04-20 17:17:46 INFO  rootLogger:228 - get driver object
2018-04-20 17:17:46 INFO  rootLogger:228 - Class: Page; Method: clickButton
2018-04-20 17:17:46 INFO  rootLogger:228 - Current page name: ServiceProvider
2018-04-20 17:17:46 INFO  rootLogger:228 - Button to be clicked: ManageFacility
2018-04-20 17:17:46 INFO  rootLogger:228 - Class: UtilFunctions; Method: getJSONFileObjBasedOnPageName
2018-04-20 17:17:46 INFO  rootLogger:228 - Class: UtilFunctions; Method: getElementStringAndType
2018-04-20 17:17:46 INFO  rootLogger:228 - Class: UtilFunctions; Method: getElementFromJSONFile
2018-04-20 17:17:46 INFO  rootLogger:228 - Return: null
2018-04-20 17:17:46 INFO  rootLogger:228 - Class: UtilFunctions; Method: getElementFromJSONFile
2018-04-20 17:17:46 INFO  rootLogger:228 - Return: button_edit
2018-04-20 17:17:46 INFO  rootLogger:228 - Class: UtilFunctions; Method: getElementFromJSONFile
2018-04-20 17:17:46 INFO  rootLogger:228 - Return: button_edit
2018-04-20 17:17:46 INFO  rootLogger:228 - id present
2018-04-20 17:17:46 INFO  rootLogger:228 - Class: SeleniumFunctions; Method: explicitWait
2018-04-20 17:17:46 INFO  rootLogger:228 - frame: button_edit;id
2018-04-20 17:17:46 INFO  rootLogger:228 - Class: SeleniumFunctions; Method: setByValues
2018-04-20 17:17:46 INFO  rootLogger:228 - propField: button_edit;id
2018-04-20 17:17:46 INFO  rootLogger:228 - switchType: id
2018-04-20 17:17:46 INFO  rootLogger:228 - switchValue: button_edit
2018-04-20 17:17:46 INFO  rootLogger:228 - Class: SeleniumFunctions; Method: findElement
2018-04-20 17:17:46 INFO  rootLogger:228 - Class: SeleniumFunctions; Method: explicitWait
2018-04-20 17:17:46 INFO  rootLogger:228 - frame: 
2018-04-20 17:17:48 INFO  rootLogger:228 - Button 'ManageFacility' object not null and is clicked. Returning true.
2018-04-20 17:17:48 INFO  rootLogger:228 - Class: GlobalStepdefs; Method: clickButton : Complete
2018-04-20 17:17:48 INFO  rootLogger:228 - Class: GlobalStepdefs; Method: waitForSpecifiedTime : Start
2018-04-20 17:17:53 INFO  rootLogger:228 - Class: GlobalStepdefs; Method: waitForSpecifiedTime : Complete
2018-04-20 17:17:53 INFO  rootLogger:228 - Class: ServiceProviderStepdefs; Method: clickRadioButton : Start
2018-04-20 17:17:53 INFO  rootLogger:228 - Class: UtilFunctions; Method: getJSONFileObjBasedOnPageName
2018-04-20 17:17:53 INFO  rootLogger:228 - Class: UtilFunctions; Method: getElementStringAndType
2018-04-20 17:17:53 INFO  rootLogger:228 - Class: UtilFunctions; Method: getElementFromJSONFile
2018-04-20 17:17:53 INFO  rootLogger:228 - Return: //p[text()='Block facility']/parent::div//preceding-sibling::input
2018-04-20 17:17:53 INFO  rootLogger:228 - Class: UtilFunctions; Method: getElementFromJSONFile
2018-04-20 17:17:53 INFO  rootLogger:228 - Return: //p[text()='Block facility']/parent::div//preceding-sibling::input
2018-04-20 17:17:53 INFO  rootLogger:228 - xpath present
2018-04-20 17:17:54 INFO  rootLogger:228 - Class: Hooks; Method: getDriver
2018-04-20 17:17:54 INFO  rootLogger:228 - get driver object
2018-04-20 17:17:54 INFO  rootLogger:228 - Class: SeleniumFunctions; Method: setByValues
2018-04-20 17:17:54 INFO  rootLogger:228 - propField: //p[text()='Block facility']/parent::div//preceding-sibling::input;xpath
2018-04-20 17:17:54 INFO  rootLogger:228 - switchType: xpath
2018-04-20 17:17:54 INFO  rootLogger:228 - switchValue: //p[text()='Block facility']/parent::div//preceding-sibling::input
2018-04-20 17:17:54 INFO  rootLogger:228 - Class: SeleniumFunctions; Method: findElement
2018-04-20 17:17:54 INFO  rootLogger:228 - Class: SeleniumFunctions; Method: explicitWait
2018-04-20 17:17:54 INFO  rootLogger:228 - frame: 
2018-04-20 17:17:55 INFO  rootLogger:228 - Element not found after timeout of 1 seconds. Exception: Expected condition failed: waiting for visibility of element located by By.xpath: //p[text()='Block facility']/parent::div//preceding-sibling::input (tried for 1 second(s) with 500 MILLISECONDS interval)
2018-04-20 17:17:55 INFO  rootLogger:228 - Element not found. Returning null. Exception: Unable to locate element: //p[text()='Block facility']/parent::div//preceding-sibling::input
For documentation on this error, please visit: http://seleniumhq.org/exceptions/no_such_element.html
Build info: version: '3.5.3', revision: 'a88d25fe6b', time: '2017-08-29T12:42:44.417Z'
System info: host: 'LENOVO', ip: '192.168.3.132', os.name: 'Windows 7', os.arch: 'amd64', os.version: '6.1', java.version: '1.8.0_144'
Driver info: org.openqa.selenium.firefox.FirefoxDriver
Capabilities [{moz:profile=C:\Users\aparna\AppData\Local\Temp\rust_mozprofile.D2HtmUOgsfje, rotatable=false, timeouts={implicit=0, pageLoad=300000, script=30000}, pageLoadStrategy=normal, moz:headless=false, platform=XP, moz:accessibilityChecks=false, moz:useNonSpecCompliantPointerOrigin=false, acceptInsecureCerts=false, browserVersion=59.0.2, platformVersion=6.1, moz:processID=7940, browserName=firefox, javascriptEnabled=true, platformName=XP, moz:webdriverClick=true}]
Session ID: a502d4f1-d66d-450c-aad9-5bbd0acd9e2f
*** Element info: {Using=xpath, value=//p[text()='Block facility']/parent::div//preceding-sibling::input}
2018-04-20 17:17:55 INFO  rootLogger:228 - Class: Hooks; Method: closeBrowserAndTakeScreenShot
2018-04-20 17:17:55 INFO  rootLogger:228 - Scenario: Verify  conference Block Facility - Failed
2018-04-20 17:17:55 INFO  rootLogger:228 - Class: Hooks; Method: takeScreenShot
2018-04-20 17:17:56 INFO  rootLogger:228 - Browser closed
2018-04-20 17:17:56 INFO  rootLogger:228 - Tried to kill process with PID: 
2018-04-20 17:17:56 INFO  rootLogger:228 - Scenario: Verify  conference Block Facility complete.
2018-04-20 17:17:56 INFO  rootLogger:228 - Class: Hooks; Method: setUp
2018-04-20 17:17:56 INFO  rootLogger:228 - Scenario: Verify  conference Deactivate Facility starting.
2018-04-20 17:17:56 INFO  rootLogger:228 - Scenario Tag Name: @Sanity1
2018-04-20 17:17:56 INFO  rootLogger:228 - Class: LoginStepdefs; Method: applicationLogin : Start
2018-04-20 17:17:56 INFO  rootLogger:228 - Class: Hooks; Method: openBrowser
2018-04-20 17:17:56 INFO  rootLogger:228 - userName: myappssolutions33@gmail.com
2018-04-20 17:17:56 INFO  rootLogger:228 - Class: SetUpFile; Method: setUpBrowser
2018-04-20 17:18:02 INFO  rootLogger:228 - Firefox driver initialized
2018-04-20 17:18:02 INFO  rootLogger:228 - Error getting child PID for geckodriver.exe from parent process 3532. Cannot run program "wmic": CreateProcess error=2, The system cannot find the file specified
2018-04-20 17:18:02 INFO  rootLogger:228 - Error getting child PID for firefox.exe from parent process . Cannot run program "wmic": CreateProcess error=2, The system cannot find the file specified
2018-04-20 17:18:02 INFO  rootLogger:228 - Class: Hooks; Method: setDriver
2018-04-20 17:18:02 INFO  rootLogger:228 - get driver object
2018-04-20 17:18:02 INFO  rootLogger:228 - Class: SetUpFile; Method: openURL
2018-04-20 17:18:22 INFO  rootLogger:228 - Class: SetUpFile; Method: logInApplication
2018-04-20 17:18:22 INFO  rootLogger:228 - Class: UtilFunctions; Method: getJSONFileObjBasedOnPageName
2018-04-20 17:18:22 INFO  rootLogger:228 - Class: UtilFunctions; Method: getElementFromJSONFile
2018-04-20 17:18:22 INFO  rootLogger:228 - Return: username
2018-04-20 17:18:22 INFO  rootLogger:228 - Class: UtilFunctions; Method: getElementFromJSONFile
2018-04-20 17:18:22 INFO  rootLogger:228 - Return: password
2018-04-20 17:18:22 INFO  rootLogger:228 - Class: UtilFunctions; Method: getElementFromJSONFile
2018-04-20 17:18:22 INFO  rootLogger:228 - Return: null
2018-04-20 17:18:22 INFO  rootLogger:228 - Class: SeleniumFunctions; Method: findElement
2018-04-20 17:18:22 INFO  rootLogger:228 - Class: SeleniumFunctions; Method: explicitWait
2018-04-20 17:18:22 INFO  rootLogger:228 - frame: 
2018-04-20 17:18:23 INFO  rootLogger:228 - Element not found after timeout of 1 seconds. Exception: Expected condition failed: waiting for visibility of element located by By.id: username (tried for 1 second(s) with 500 MILLISECONDS interval)
Build info: version: '3.5.3', revision: 'a88d25fe6b', time: '2017-08-29T12:42:44.417Z'
System info: host: 'LENOVO', ip: '192.168.3.132', os.name: 'Windows 7', os.arch: 'amd64', os.version: '6.1', java.version: '1.8.0_144'
Driver info: org.openqa.selenium.firefox.FirefoxDriver
Capabilities [{moz:profile=C:\Users\aparna\AppData\Local\Temp\rust_mozprofile.vJ6UNadfv9iN, rotatable=false, timeouts={implicit=0, pageLoad=300000, script=30000}, pageLoadStrategy=normal, moz:headless=false, platform=XP, moz:accessibilityChecks=false, moz:useNonSpecCompliantPointerOrigin=false, acceptInsecureCerts=false, browserVersion=59.0.2, platformVersion=6.1, moz:processID=6588, browserName=firefox, javascriptEnabled=true, platformName=XP, moz:webdriverClick=true}]
Session ID: 11a091cd-07e6-488c-be98-dbc19ef2e0f1
2018-04-20 17:18:24 INFO  rootLogger:228 - UserName: myappssolutions33@gmail.com entered
2018-04-20 17:18:24 INFO  rootLogger:228 - Class: SeleniumFunctions; Method: findElement
2018-04-20 17:18:24 INFO  rootLogger:228 - Class: SeleniumFunctions; Method: explicitWait
2018-04-20 17:18:24 INFO  rootLogger:228 - frame: 
2018-04-20 17:18:25 INFO  rootLogger:228 - Element not found after timeout of 1 seconds. Exception: Expected condition failed: waiting for visibility of element located by By.id: password (tried for 1 second(s) with 500 MILLISECONDS interval)
Build info: version: '3.5.3', revision: 'a88d25fe6b', time: '2017-08-29T12:42:44.417Z'
System info: host: 'LENOVO', ip: '192.168.3.132', os.name: 'Windows 7', os.arch: 'amd64', os.version: '6.1', java.version: '1.8.0_144'
Driver info: org.openqa.selenium.firefox.FirefoxDriver
Capabilities [{moz:profile=C:\Users\aparna\AppData\Local\Temp\rust_mozprofile.vJ6UNadfv9iN, rotatable=false, timeouts={implicit=0, pageLoad=300000, script=30000}, pageLoadStrategy=normal, moz:headless=false, platform=XP, moz:accessibilityChecks=false, moz:useNonSpecCompliantPointerOrigin=false, acceptInsecureCerts=false, browserVersion=59.0.2, platformVersion=6.1, moz:processID=6588, browserName=firefox, javascriptEnabled=true, platformName=XP, moz:webdriverClick=true}]
Session ID: 11a091cd-07e6-488c-be98-dbc19ef2e0f1
2018-04-20 17:18:26 INFO  rootLogger:228 - Password: password1 entered
2018-04-20 17:18:26 INFO  rootLogger:228 - Class: UtilFunctions; Method: getElementFromJSONFile
2018-04-20 17:18:26 INFO  rootLogger:228 - Return: //button[@class='consumerModuleButtons submitButton' and text()='Sign in']
2018-04-20 17:18:26 INFO  rootLogger:228 - Class: SeleniumFunctions; Method: setByValues
2018-04-20 17:18:26 INFO  rootLogger:228 - propField: //button[@class='consumerModuleButtons submitButton' and text()='Sign in']
2018-04-20 17:18:26 INFO  rootLogger:228 - switchType: xpath
2018-04-20 17:18:26 INFO  rootLogger:228 - switchValue: //button[@class='consumerModuleButtons submitButton' and text()='Sign in']
2018-04-20 17:18:26 INFO  rootLogger:228 - Class: SeleniumFunctions; Method: findElement
2018-04-20 17:18:26 INFO  rootLogger:228 - Class: SeleniumFunctions; Method: explicitWait
2018-04-20 17:18:26 INFO  rootLogger:228 - frame: 
2018-04-20 17:18:27 INFO  rootLogger:228 - Element not found after timeout of 1 seconds. Exception: Expected condition failed: waiting for visibility of element located by By.xpath: //button[@class='consumerModuleButtons submitButton' and text()='Sign in'] (tried for 1 second(s) with 500 MILLISECONDS interval)
Build info: version: '3.5.3', revision: 'a88d25fe6b', time: '2017-08-29T12:42:44.417Z'
System info: host: 'LENOVO', ip: '192.168.3.132', os.name: 'Windows 7', os.arch: 'amd64', os.version: '6.1', java.version: '1.8.0_144'
Driver info: org.openqa.selenium.firefox.FirefoxDriver
Capabilities [{moz:profile=C:\Users\aparna\AppData\Local\Temp\rust_mozprofile.vJ6UNadfv9iN, rotatable=false, timeouts={implicit=0, pageLoad=300000, script=30000}, pageLoadStrategy=normal, moz:headless=false, platform=XP, moz:accessibilityChecks=false, moz:useNonSpecCompliantPointerOrigin=false, acceptInsecureCerts=false, browserVersion=59.0.2, platformVersion=6.1, moz:processID=6588, browserName=firefox, javascriptEnabled=true, platformName=XP, moz:webdriverClick=true}]
Session ID: 11a091cd-07e6-488c-be98-dbc19ef2e0f1
2018-04-20 17:18:30 INFO  rootLogger:228 - Login button clicked
2018-04-20 17:18:30 INFO  rootLogger:228 - Class: SeleniumFunctions; Method: switchToNewWindow
2018-04-20 17:18:30 INFO  rootLogger:228 - parentWindow: 4294967297
2018-04-20 17:18:30 INFO  rootLogger:228 - windowHandle: 4294967297
2018-04-20 17:18:30 INFO  rootLogger:228 - Class: Hooks; Method: setDriver
2018-04-20 17:18:30 INFO  rootLogger:228 - get driver object
2018-04-20 17:18:30 INFO  rootLogger:228 - Class: LoginStepdefs; Method: applicationLogin : Complete
2018-04-20 17:18:30 INFO  rootLogger:228 - Class: GlobalStepdefs; Method: waitForSpecifiedTime : Start
2018-04-20 17:18:50 INFO  rootLogger:228 - Class: GlobalStepdefs; Method: waitForSpecifiedTime : Complete
2018-04-20 17:18:50 INFO  rootLogger:228 - Class: GlobalStepdefs; Method: checkPageLoad : Start
2018-04-20 17:18:50 INFO  rootLogger:228 - Class: Hooks; Method: getDriver
2018-04-20 17:18:50 INFO  rootLogger:228 - get driver object
2018-04-20 17:18:50 INFO  rootLogger:228 - Class: Page; Method: findPage
2018-04-20 17:18:50 INFO  rootLogger:228 - Current tab name: ServiceProvider
2018-04-20 17:18:50 INFO  rootLogger:228 - PaneName: ServiceProvider
2018-04-20 17:18:50 INFO  rootLogger:228 - Class: UtilFunctions; Method: getJSONFileObjBasedOnPageName
2018-04-20 17:18:50 INFO  rootLogger:228 - Class: UtilFunctions; Method: getElementFromJSONFile
2018-04-20 17:18:50 INFO  rootLogger:228 - Exception: null
2018-04-20 17:18:50 INFO  rootLogger:228 - Pane xpath: null
2018-04-20 17:18:50 INFO  rootLogger:228 - Class: Hooks; Method: getDriver
2018-04-20 17:18:50 INFO  rootLogger:228 - get driver object
2018-04-20 17:18:50 INFO  rootLogger:228 - Class: SeleniumFunctions; Method: explicitWait
2018-04-20 17:18:50 INFO  rootLogger:228 - frame: 
2018-04-20 17:18:50 INFO  rootLogger:228 - Class: SeleniumFunctions; Method: findElement
2018-04-20 17:18:50 INFO  rootLogger:228 - Class: SeleniumFunctions; Method: explicitWait
2018-04-20 17:18:50 INFO  rootLogger:228 - frame: 
2018-04-20 17:18:50 INFO  rootLogger:228 - Class: GlobalStepdefs; Method: checkPageLoad : Complete
2018-04-20 17:18:50 INFO  rootLogger:228 - Class: GlobalStepdefs; Method: clickMiscElement : Start
2018-04-20 17:18:50 INFO  rootLogger:228 - Pagename: ServiceProvider
2018-04-20 17:18:50 INFO  rootLogger:228 - Class: Hooks; Method: getDriver
2018-04-20 17:18:50 INFO  rootLogger:228 - get driver object
2018-04-20 17:18:50 INFO  rootLogger:228 - Class: Page; Method: clickMiscElement
2018-04-20 17:18:50 INFO  rootLogger:228 - Current tab name: ServiceProvider
2018-04-20 17:18:50 INFO  rootLogger:228 - ImageName: Facility
2018-04-20 17:18:50 INFO  rootLogger:228 - Class: UtilFunctions; Method: getJSONFileObjBasedOnPageName
2018-04-20 17:18:50 INFO  rootLogger:228 - Class: UtilFunctions; Method: getElementStringAndType
2018-04-20 17:18:50 INFO  rootLogger:228 - Class: UtilFunctions; Method: getElementFromJSONFile
2018-04-20 17:18:50 INFO  rootLogger:228 - Return: //p[text()='Facility']
2018-04-20 17:18:50 INFO  rootLogger:228 - Class: UtilFunctions; Method: getElementFromJSONFile
2018-04-20 17:18:50 INFO  rootLogger:228 - Return: //p[text()='Facility']
2018-04-20 17:18:50 INFO  rootLogger:228 - xpath present
2018-04-20 17:18:50 INFO  rootLogger:228 - Class: SeleniumFunctions; Method: explicitWait
2018-04-20 17:18:50 INFO  rootLogger:228 - frame: //p[text()='Facility'];xpath
2018-04-20 17:18:50 INFO  rootLogger:228 - Class: SeleniumFunctions; Method: setByValues
2018-04-20 17:18:50 INFO  rootLogger:228 - propField: //p[text()='Facility'];xpath
2018-04-20 17:18:50 INFO  rootLogger:228 - switchType: xpath
2018-04-20 17:18:50 INFO  rootLogger:228 - switchValue: //p[text()='Facility']
2018-04-20 17:18:50 INFO  rootLogger:228 - Class: SeleniumFunctions; Method: findElement
2018-04-20 17:18:50 INFO  rootLogger:228 - Class: SeleniumFunctions; Method: explicitWait
2018-04-20 17:18:50 INFO  rootLogger:228 - frame: 
2018-04-20 17:18:51 INFO  rootLogger:228 - Element: 'Facility' exist and clicked. Returning true.
2018-04-20 17:18:51 INFO  rootLogger:228 - Class: GlobalStepdefs; Method: enterInTheField : Start
2018-04-20 17:18:51 INFO  rootLogger:228 - Class: Hooks; Method: getDriver
2018-04-20 17:18:51 INFO  rootLogger:228 - get driver object
2018-04-20 17:18:51 INFO  rootLogger:228 - Class: Page; Method: setTextBox
2018-04-20 17:18:51 INFO  rootLogger:228 - Current page name: ServiceProvider
2018-04-20 17:18:51 INFO  rootLogger:228 - Text box field name: FacilityTitle
2018-04-20 17:18:51 INFO  rootLogger:228 - Class: UtilFunctions; Method: getJSONFileObjBasedOnPageName
2018-04-20 17:18:51 INFO  rootLogger:228 - Class: UtilFunctions; Method: getElementStringAndType
2018-04-20 17:18:51 INFO  rootLogger:228 - Class: UtilFunctions; Method: getElementFromJSONFile
2018-04-20 17:18:51 INFO  rootLogger:228 - Return: null
2018-04-20 17:18:51 INFO  rootLogger:228 - Class: UtilFunctions; Method: getElementFromJSONFile
2018-04-20 17:18:51 INFO  rootLogger:228 - Return: input_search
2018-04-20 17:18:51 INFO  rootLogger:228 - Class: UtilFunctions; Method: getElementFromJSONFile
2018-04-20 17:18:51 INFO  rootLogger:228 - Return: input_search
2018-04-20 17:18:51 INFO  rootLogger:228 - id present
2018-04-20 17:18:51 INFO  rootLogger:228 - Text box textPath: input_search
2018-04-20 17:18:51 INFO  rootLogger:228 - Text box textMethod: id
2018-04-20 17:18:51 INFO  rootLogger:228 - Class: Page; Method: findTextBox
2018-04-20 17:18:51 INFO  rootLogger:228 - Text box name: input_search
2018-04-20 17:18:51 INFO  rootLogger:228 - Class: SeleniumFunctions; Method: explicitWait
2018-04-20 17:18:51 INFO  rootLogger:228 - frame: //*[(local-name()='input' or local-name()='textarea') and (@name='input_search' or @id='input_search' or @testid='input_search')];xpath
2018-04-20 17:18:51 INFO  rootLogger:228 - Class: SeleniumFunctions; Method: setByValues
2018-04-20 17:18:51 INFO  rootLogger:228 - propField: //*[(local-name()='input' or local-name()='textarea') and (@name='input_search' or @id='input_search' or @testid='input_search')];xpath
2018-04-20 17:18:51 INFO  rootLogger:228 - switchType: xpath
2018-04-20 17:18:51 INFO  rootLogger:228 - switchValue: //*[(local-name()='input' or local-name()='textarea') and (@name='input_search' or @id='input_search' or @testid='input_search')]
2018-04-20 17:18:51 INFO  rootLogger:228 - Class: SeleniumFunctions; Method: findElement
2018-04-20 17:18:51 INFO  rootLogger:228 - Class: SeleniumFunctions; Method: explicitWait
2018-04-20 17:18:51 INFO  rootLogger:228 - frame: 
2018-04-20 17:18:53 INFO  rootLogger:228 - Text box 'FacilityTitle' object not null. Entered Value: 'conf 3'. Returning true.
2018-04-20 17:18:53 INFO  rootLogger:228 - Class: GlobalStepdefs; Method: enterInTheField : Complete
2018-04-20 17:18:53 INFO  rootLogger:228 - Class: GlobalStepdefs; Method: clickButton : Start
2018-04-20 17:18:53 INFO  rootLogger:228 - Class: Hooks; Method: getDriver
2018-04-20 17:18:53 INFO  rootLogger:228 - get driver object
2018-04-20 17:18:53 INFO  rootLogger:228 - Class: Page; Method: clickButton
2018-04-20 17:18:53 INFO  rootLogger:228 - Current page name: ServiceProvider
2018-04-20 17:18:53 INFO  rootLogger:228 - Button to be clicked: Search
2018-04-20 17:18:53 INFO  rootLogger:228 - Class: UtilFunctions; Method: getJSONFileObjBasedOnPageName
2018-04-20 17:18:53 INFO  rootLogger:228 - Class: UtilFunctions; Method: getElementStringAndType
2018-04-20 17:18:53 INFO  rootLogger:228 - Class: UtilFunctions; Method: getElementFromJSONFile
2018-04-20 17:18:53 INFO  rootLogger:228 - Return: null
2018-04-20 17:18:53 INFO  rootLogger:228 - Class: UtilFunctions; Method: getElementFromJSONFile
2018-04-20 17:18:53 INFO  rootLogger:228 - Return: button_search
2018-04-20 17:18:53 INFO  rootLogger:228 - Class: UtilFunctions; Method: getElementFromJSONFile
2018-04-20 17:18:53 INFO  rootLogger:228 - Return: button_search
2018-04-20 17:18:53 INFO  rootLogger:228 - id present
2018-04-20 17:18:53 INFO  rootLogger:228 - Class: SeleniumFunctions; Method: explicitWait
2018-04-20 17:18:53 INFO  rootLogger:228 - frame: button_search;id
2018-04-20 17:18:53 INFO  rootLogger:228 - Class: SeleniumFunctions; Method: setByValues
2018-04-20 17:18:53 INFO  rootLogger:228 - propField: button_search;id
2018-04-20 17:18:53 INFO  rootLogger:228 - switchType: id
2018-04-20 17:18:53 INFO  rootLogger:228 - switchValue: button_search
2018-04-20 17:18:53 INFO  rootLogger:228 - Class: SeleniumFunctions; Method: findElement
2018-04-20 17:18:53 INFO  rootLogger:228 - Class: SeleniumFunctions; Method: explicitWait
2018-04-20 17:18:53 INFO  rootLogger:228 - frame: 
2018-04-20 17:18:55 INFO  rootLogger:228 - Button 'Search' object not null and is clicked. Returning true.
2018-04-20 17:18:55 INFO  rootLogger:228 - Class: GlobalStepdefs; Method: clickButton : Complete
2018-04-20 17:18:55 INFO  rootLogger:228 - Class: GlobalStepdefs; Method: waitForSpecifiedTime : Start
2018-04-20 17:19:00 INFO  rootLogger:228 - Class: GlobalStepdefs; Method: waitForSpecifiedTime : Complete
2018-04-20 17:19:00 INFO  rootLogger:228 - Class: ServiceProviderStepdefs; Method: selectFacility : Start
2018-04-20 17:19:00 INFO  rootLogger:228 - Class: Hooks; Method: getDriver
2018-04-20 17:19:00 INFO  rootLogger:228 - get driver object
2018-04-20 17:19:00 INFO  rootLogger:228 - Class: SeleniumFunctions; Method: findElement
2018-04-20 17:19:00 INFO  rootLogger:228 - Class: SeleniumFunctions; Method: explicitWait
2018-04-20 17:19:00 INFO  rootLogger:228 - frame: 
2018-04-20 17:19:01 INFO  rootLogger:228 - Element not found after timeout of 1 seconds. Exception: Expected condition failed: waiting for visibility of element located by By.xpath: //*[text()='No record found'] (tried for 1 second(s) with 500 MILLISECONDS interval)
2018-04-20 17:19:01 INFO  rootLogger:228 - Element not found. Returning null. Exception: Unable to locate element: //*[text()='No record found']
For documentation on this error, please visit: http://seleniumhq.org/exceptions/no_such_element.html
Build info: version: '3.5.3', revision: 'a88d25fe6b', time: '2017-08-29T12:42:44.417Z'
System info: host: 'LENOVO', ip: '192.168.3.132', os.name: 'Windows 7', os.arch: 'amd64', os.version: '6.1', java.version: '1.8.0_144'
Driver info: org.openqa.selenium.firefox.FirefoxDriver
Capabilities [{moz:profile=C:\Users\aparna\AppData\Local\Temp\rust_mozprofile.vJ6UNadfv9iN, rotatable=false, timeouts={implicit=0, pageLoad=300000, script=30000}, pageLoadStrategy=normal, moz:headless=false, platform=XP, moz:accessibilityChecks=false, moz:useNonSpecCompliantPointerOrigin=false, acceptInsecureCerts=false, browserVersion=59.0.2, platformVersion=6.1, moz:processID=6588, browserName=firefox, javascriptEnabled=true, platformName=XP, moz:webdriverClick=true}]
Session ID: 11a091cd-07e6-488c-be98-dbc19ef2e0f1
*** Element info: {Using=xpath, value=//*[text()='No record found']}
2018-04-20 17:19:03 INFO  rootLogger:228 - Class: Hooks; Method: getDriver
2018-04-20 17:19:03 INFO  rootLogger:228 - get driver object
2018-04-20 17:19:03 INFO  rootLogger:228 - Class: SeleniumFunctions; Method: findElement
2018-04-20 17:19:03 INFO  rootLogger:228 - Class: SeleniumFunctions; Method: explicitWait
2018-04-20 17:19:03 INFO  rootLogger:228 - frame: 
2018-04-20 17:19:04 INFO  rootLogger:228 - Element not found after timeout of 1 seconds. Exception: Expected condition failed: waiting for visibility of element located by By.xpath: //img[@class='imgMeetingRoom' and parent::div[@class='facilityThumbnail' and child::div[@class='facilityTitleContainer' and descendant::*[contains(normalize-space(.),'conf 3')]]]] (tried for 1 second(s) with 500 MILLISECONDS interval)
2018-04-20 17:19:04 INFO  rootLogger:228 - Element not found. Returning null. Exception: Unable to locate element: //img[@class='imgMeetingRoom' and parent::div[@class='facilityThumbnail' and child::div[@class='facilityTitleContainer' and descendant::*[contains(normalize-space(.),'conf 3')]]]]
For documentation on this error, please visit: http://seleniumhq.org/exceptions/no_such_element.html
Build info: version: '3.5.3', revision: 'a88d25fe6b', time: '2017-08-29T12:42:44.417Z'
System info: host: 'LENOVO', ip: '192.168.3.132', os.name: 'Windows 7', os.arch: 'amd64', os.version: '6.1', java.version: '1.8.0_144'
Driver info: org.openqa.selenium.firefox.FirefoxDriver
Capabilities [{moz:profile=C:\Users\aparna\AppData\Local\Temp\rust_mozprofile.vJ6UNadfv9iN, rotatable=false, timeouts={implicit=0, pageLoad=300000, script=30000}, pageLoadStrategy=normal, moz:headless=false, platform=XP, moz:accessibilityChecks=false, moz:useNonSpecCompliantPointerOrigin=false, acceptInsecureCerts=false, browserVersion=59.0.2, platformVersion=6.1, moz:processID=6588, browserName=firefox, javascriptEnabled=true, platformName=XP, moz:webdriverClick=true}]
Session ID: 11a091cd-07e6-488c-be98-dbc19ef2e0f1
*** Element info: {Using=xpath, value=//img[@class='imgMeetingRoom' and parent::div[@class='facilityThumbnail' and child::div[@class='facilityTitleContainer' and descendant::*[contains(normalize-space(.),'conf 3')]]]]}
2018-04-20 17:19:04 INFO  rootLogger:228 - Class: Hooks; Method: getDriver
2018-04-20 17:19:04 INFO  rootLogger:228 - get driver object
2018-04-20 17:19:04 INFO  rootLogger:228 - Class: SeleniumFunctions; Method: explicitWait
2018-04-20 17:19:04 INFO  rootLogger:228 - frame: //img[@class='imgMeetingRoom' and parent::div[@class='facilityThumbnail' and child::div[@class='facilityTitleContainer' and descendant::*[contains(normalize-space(.),'conf 3')]]]];xpath
2018-04-20 17:19:14 INFO  rootLogger:228 - Element not found after timeout of 10 seconds. Exception: Expected condition failed: waiting for visibility of element located by By.xpath: //img[@class='imgMeetingRoom' and parent::div[@class='facilityThumbnail' and child::div[@class='facilityTitleContainer' and descendant::*[contains(normalize-space(.),'conf 3')]]]] (tried for 10 second(s) with 500 MILLISECONDS interval)
2018-04-20 17:19:14 INFO  rootLogger:228 - Class: Hooks; Method: closeBrowserAndTakeScreenShot
2018-04-20 17:19:14 INFO  rootLogger:228 - Scenario: Verify  conference Deactivate Facility - Failed
2018-04-20 17:19:14 INFO  rootLogger:228 - Class: Hooks; Method: takeScreenShot
2018-04-20 17:19:16 INFO  rootLogger:228 - Browser closed
2018-04-20 17:19:16 INFO  rootLogger:228 - Tried to kill process with PID: 
2018-04-20 17:19:16 INFO  rootLogger:228 - Scenario: Verify  conference Deactivate Facility complete.
2018-04-20 17:19:16 INFO  rootLogger:228 - Class: Hooks; Method: setUp
2018-04-20 17:19:16 INFO  rootLogger:228 - Scenario: Verify  conference Activate Facility starting.
2018-04-20 17:19:16 INFO  rootLogger:228 - Scenario Tag Name: @Sanity1
2018-04-20 17:19:16 INFO  rootLogger:228 - Class: LoginStepdefs; Method: applicationLogin : Start
2018-04-20 17:19:16 INFO  rootLogger:228 - Class: Hooks; Method: openBrowser
2018-04-20 17:19:16 INFO  rootLogger:228 - userName: myappssolutions33@gmail.com
2018-04-20 17:19:16 INFO  rootLogger:228 - Class: SetUpFile; Method: setUpBrowser
2018-04-20 17:19:25 INFO  rootLogger:228 - Firefox driver initialized
2018-04-20 17:19:25 INFO  rootLogger:228 - Error getting child PID for geckodriver.exe from parent process 3532. Cannot run program "wmic": CreateProcess error=2, The system cannot find the file specified
2018-04-20 17:19:25 INFO  rootLogger:228 - Error getting child PID for firefox.exe from parent process . Cannot run program "wmic": CreateProcess error=2, The system cannot find the file specified
2018-04-20 17:19:25 INFO  rootLogger:228 - Class: Hooks; Method: setDriver
2018-04-20 17:19:25 INFO  rootLogger:228 - get driver object
2018-04-20 17:19:25 INFO  rootLogger:228 - Class: SetUpFile; Method: openURL
2018-04-20 17:19:43 INFO  rootLogger:228 - Class: Hooks; Method: closeBrowserAndTakeScreenShot
2018-04-20 17:19:43 INFO  rootLogger:228 - Scenario: Verify  conference Activate Facility - Failed
2018-04-20 17:19:43 INFO  rootLogger:228 - Class: Hooks; Method: takeScreenShot
2018-04-20 17:19:43 INFO  rootLogger:228 - Class: Hooks; Method: setUp
2018-04-20 17:19:43 INFO  rootLogger:228 - Scenario: Verify  conference Price Details Facility starting.
2018-04-20 17:19:43 INFO  rootLogger:228 - Scenario Tag Name: @Sanity1
2018-04-20 17:19:43 INFO  rootLogger:228 - Class: LoginStepdefs; Method: applicationLogin : Start
2018-04-20 17:19:43 INFO  rootLogger:228 - Class: Hooks; Method: openBrowser
2018-04-20 17:19:43 INFO  rootLogger:228 - userName: myappssolutions33@gmail.com
2018-04-20 17:19:43 INFO  rootLogger:228 - Class: Hooks; Method: closeBrowser
2018-04-20 17:19:43 INFO  rootLogger:228 - Browser closed
2018-04-20 17:19:43 INFO  rootLogger:228 - Tried to kill process with PID: 
2018-04-20 17:19:43 INFO  rootLogger:228 - Class: SetUpFile; Method: setUpBrowser
2018-04-20 17:19:52 INFO  rootLogger:228 - Class: Hooks; Method: closeBrowserAndTakeScreenShot
2018-04-20 17:19:52 INFO  rootLogger:228 - Scenario: Verify  conference Price Details Facility complete.
2018-04-20 17:19:52 INFO  rootLogger:228 - Class: Hooks; Method: setUp
2018-04-20 17:19:52 INFO  rootLogger:228 - Scenario: Verify  conference facility edit starting.
2018-04-20 17:19:52 INFO  rootLogger:228 - Scenario Tag Name: @Sanity1
2018-04-20 17:19:52 INFO  rootLogger:228 - Class: LoginStepdefs; Method: applicationLogin : Start
2018-04-20 17:19:52 INFO  rootLogger:228 - Class: Hooks; Method: openBrowser
2018-04-20 17:19:52 INFO  rootLogger:228 - userName: myappssolutions33@gmail.com
2018-04-20 17:19:52 INFO  rootLogger:228 - Class: SetUpFile; Method: setUpBrowser
2018-04-20 17:20:02 INFO  rootLogger:228 - Class: Hooks; Method: closeBrowserAndTakeScreenShot
2018-04-20 17:20:02 INFO  rootLogger:228 - Scenario: Verify  conference facility edit complete.
2018-04-20 17:20:02 INFO  rootLogger:228 - Class: Hooks; Method: setUp
2018-04-20 17:20:02 INFO  rootLogger:228 - Scenario: Verify conference cancelled booking starting.
2018-04-20 17:20:02 INFO  rootLogger:228 - Scenario Tag Name: @Sanity1
2018-04-20 17:20:02 INFO  rootLogger:228 - Class: LoginStepdefs; Method: applicationLogin : Start
2018-04-20 17:20:02 INFO  rootLogger:228 - Class: Hooks; Method: openBrowser
2018-04-20 17:20:02 INFO  rootLogger:228 - userName: myappssolutions33@gmail.com
2018-04-20 17:20:02 INFO  rootLogger:228 - Class: SetUpFile; Method: setUpBrowser
2018-04-20 17:20:07 INFO  rootLogger:228 - Firefox driver initialized
2018-04-20 17:20:08 INFO  rootLogger:228 - Error getting child PID for geckodriver.exe from parent process 3532. Cannot run program "wmic": CreateProcess error=2, The system cannot find the file specified
2018-04-20 17:20:08 INFO  rootLogger:228 - Error getting child PID for firefox.exe from parent process . Cannot run program "wmic": CreateProcess error=2, The system cannot find the file specified
2018-04-20 17:20:08 INFO  rootLogger:228 - Class: Hooks; Method: setDriver
2018-04-20 17:20:08 INFO  rootLogger:228 - get driver object
2018-04-20 17:20:08 INFO  rootLogger:228 - Class: SetUpFile; Method: openURL
2018-04-20 17:20:20 INFO  rootLogger:228 - Class: Hooks; Method: closeBrowserAndTakeScreenShot
2018-04-20 17:20:20 INFO  rootLogger:228 - Scenario: Verify conference cancelled booking - Failed
2018-04-20 17:20:20 INFO  rootLogger:228 - Class: Hooks; Method: takeScreenShot
2018-04-20 17:20:20 INFO  rootLogger:228 - Class: Hooks; Method: setUp
2018-04-20 17:20:20 INFO  rootLogger:228 - Scenario: Verify Coworking Facility Creation starting.
2018-04-20 17:20:20 INFO  rootLogger:228 - Scenario Tag Name: @Sanity1
2018-04-20 17:20:20 INFO  rootLogger:228 - Class: LoginStepdefs; Method: applicationLogin : Start
2018-04-20 17:20:20 INFO  rootLogger:228 - Class: Hooks; Method: openBrowser
2018-04-20 17:20:20 INFO  rootLogger:228 - userName: myappssolutions33@gmail.com
2018-04-20 17:20:20 INFO  rootLogger:228 - Class: Hooks; Method: closeBrowser
2018-04-20 17:20:20 INFO  rootLogger:228 - Browser closed
2018-04-20 17:20:20 INFO  rootLogger:228 - Tried to kill process with PID: 
2018-04-20 17:20:20 INFO  rootLogger:228 - Class: SetUpFile; Method: setUpBrowser
2018-04-20 17:20:26 INFO  rootLogger:228 - Firefox driver initialized
2018-04-20 17:20:26 INFO  rootLogger:228 - Error getting child PID for geckodriver.exe from parent process 3532. Cannot run program "wmic": CreateProcess error=2, The system cannot find the file specified
2018-04-20 17:20:26 INFO  rootLogger:228 - Error getting child PID for firefox.exe from parent process . Cannot run program "wmic": CreateProcess error=2, The system cannot find the file specified
2018-04-20 17:20:26 INFO  rootLogger:228 - Class: Hooks; Method: setDriver
2018-04-20 17:20:26 INFO  rootLogger:228 - get driver object
2018-04-20 17:20:26 INFO  rootLogger:228 - Class: SetUpFile; Method: openURL
2018-04-20 17:20:58 INFO  rootLogger:228 - Class: SetUpFile; Method: logInApplication
2018-04-20 17:20:58 INFO  rootLogger:228 - Class: UtilFunctions; Method: getJSONFileObjBasedOnPageName
2018-04-20 17:20:58 INFO  rootLogger:228 - Class: UtilFunctions; Method: getElementFromJSONFile
2018-04-20 17:20:58 INFO  rootLogger:228 - Return: username
2018-04-20 17:20:58 INFO  rootLogger:228 - Class: UtilFunctions; Method: getElementFromJSONFile
2018-04-20 17:20:58 INFO  rootLogger:228 - Return: password
2018-04-20 17:20:58 INFO  rootLogger:228 - Class: UtilFunctions; Method: getElementFromJSONFile
2018-04-20 17:20:58 INFO  rootLogger:228 - Return: null
2018-04-20 17:20:58 INFO  rootLogger:228 - Class: SeleniumFunctions; Method: findElement
2018-04-20 17:20:58 INFO  rootLogger:228 - Class: SeleniumFunctions; Method: explicitWait
2018-04-20 17:20:58 INFO  rootLogger:228 - frame: 
2018-04-20 17:20:58 INFO  rootLogger:228 - UserName: myappssolutions33@gmail.com entered
2018-04-20 17:20:58 INFO  rootLogger:228 - Class: SeleniumFunctions; Method: findElement
2018-04-20 17:20:58 INFO  rootLogger:228 - Class: SeleniumFunctions; Method: explicitWait
2018-04-20 17:20:58 INFO  rootLogger:228 - frame: 
2018-04-20 17:21:00 INFO  rootLogger:228 - Password: password1 entered
2018-04-20 17:21:00 INFO  rootLogger:228 - Class: UtilFunctions; Method: getElementFromJSONFile
2018-04-20 17:21:00 INFO  rootLogger:228 - Return: //button[@class='consumerModuleButtons submitButton' and text()='Sign in']
2018-04-20 17:21:00 INFO  rootLogger:228 - Class: SeleniumFunctions; Method: setByValues
2018-04-20 17:21:00 INFO  rootLogger:228 - propField: //button[@class='consumerModuleButtons submitButton' and text()='Sign in']
2018-04-20 17:21:00 INFO  rootLogger:228 - switchType: xpath
2018-04-20 17:21:00 INFO  rootLogger:228 - switchValue: //button[@class='consumerModuleButtons submitButton' and text()='Sign in']
2018-04-20 17:21:00 INFO  rootLogger:228 - Class: SeleniumFunctions; Method: findElement
2018-04-20 17:21:00 INFO  rootLogger:228 - Class: SeleniumFunctions; Method: explicitWait
2018-04-20 17:21:00 INFO  rootLogger:228 - frame: 
2018-04-20 17:21:02 INFO  rootLogger:228 - Login button clicked
2018-04-20 17:21:02 INFO  rootLogger:228 - Class: SeleniumFunctions; Method: switchToNewWindow
2018-04-20 17:21:02 INFO  rootLogger:228 - parentWindow: 4294967297
2018-04-20 17:21:02 INFO  rootLogger:228 - windowHandle: 4294967297
2018-04-20 17:21:02 INFO  rootLogger:228 - Class: Hooks; Method: setDriver
2018-04-20 17:21:02 INFO  rootLogger:228 - get driver object
2018-04-20 17:21:02 INFO  rootLogger:228 - Class: LoginStepdefs; Method: applicationLogin : Complete
2018-04-20 17:21:02 INFO  rootLogger:228 - Class: GlobalStepdefs; Method: waitForSpecifiedTime : Start
