2018-04-16 11:01:40 INFO  rootLogger:228 - Class: Hooks; Method: setUp
2018-04-16 11:01:40 INFO  rootLogger:228 - Scenario: Verify Conference Facility Creation starting.
2018-04-16 11:01:40 INFO  rootLogger:228 - Scenario Tag Name: @Sanity
2018-04-16 11:01:40 INFO  rootLogger:228 - Class: LoginStepdefs; Method: applicationLogin : Start
2018-04-16 11:01:40 INFO  rootLogger:228 - Class: Hooks; Method: openBrowser
2018-04-16 11:01:40 INFO  rootLogger:228 - userName: myappssolutions32@gmail.com
2018-04-16 11:01:40 INFO  rootLogger:228 - Class: SetUpFile; Method: constructor
2018-04-16 11:01:40 INFO  rootLogger:228 - Initializing JSON files
2018-04-16 11:01:40 INFO  rootLogger:228 - Class: SetUpFile; Method: setUpBrowser
2018-04-16 11:01:48 INFO  rootLogger:228 - Firefox driver initialized
2018-04-16 11:01:48 INFO  rootLogger:228 - Error getting child PID for geckodriver.exe from parent process 5448. Cannot run program "wmic": CreateProcess error=2, The system cannot find the file specified
2018-04-16 11:01:48 INFO  rootLogger:228 - Error getting child PID for firefox.exe from parent process . Cannot run program "wmic": CreateProcess error=2, The system cannot find the file specified
2018-04-16 11:01:48 INFO  rootLogger:228 - Class: Hooks; Method: setDriver
2018-04-16 11:01:48 INFO  rootLogger:228 - get driver object
2018-04-16 11:01:48 INFO  rootLogger:228 - Class: SetUpFile; Method: openURL
2018-04-16 11:02:04 INFO  rootLogger:228 - Class: SetUpFile; Method: logInApplication
2018-04-16 11:02:04 INFO  rootLogger:228 - Class: UtilFunctions; Method: getJSONFileObjBasedOnPageName
2018-04-16 11:02:04 INFO  rootLogger:228 - Class: UtilFunctions; Method: getElementFromJSONFile
2018-04-16 11:02:04 INFO  rootLogger:228 - Return: username
2018-04-16 11:02:04 INFO  rootLogger:228 - Class: UtilFunctions; Method: getElementFromJSONFile
2018-04-16 11:02:04 INFO  rootLogger:228 - Return: password
2018-04-16 11:02:04 INFO  rootLogger:228 - Class: UtilFunctions; Method: getElementFromJSONFile
2018-04-16 11:02:04 INFO  rootLogger:228 - Return: null
2018-04-16 11:02:04 INFO  rootLogger:228 - Class: SeleniumFunctions; Method: findElement
2018-04-16 11:02:04 INFO  rootLogger:228 - Class: SeleniumFunctions; Method: explicitWait
2018-04-16 11:02:04 INFO  rootLogger:228 - frame: 
2018-04-16 11:02:05 INFO  rootLogger:228 - UserName: myappssolutions32@gmail.com entered
2018-04-16 11:02:05 INFO  rootLogger:228 - Class: SeleniumFunctions; Method: findElement
2018-04-16 11:02:05 INFO  rootLogger:228 - Class: SeleniumFunctions; Method: explicitWait
2018-04-16 11:02:05 INFO  rootLogger:228 - frame: 
2018-04-16 11:02:06 INFO  rootLogger:228 - Password: password entered
2018-04-16 11:02:06 INFO  rootLogger:228 - Class: UtilFunctions; Method: getElementFromJSONFile
2018-04-16 11:02:06 INFO  rootLogger:228 - Return: //button[@class='consumerModuleButtons submitButton' and text()='Sign in']
2018-04-16 11:02:06 INFO  rootLogger:228 - Class: SeleniumFunctions; Method: setByValues
2018-04-16 11:02:06 INFO  rootLogger:228 - propField: //button[@class='consumerModuleButtons submitButton' and text()='Sign in']
2018-04-16 11:02:06 INFO  rootLogger:228 - switchType: xpath
2018-04-16 11:02:06 INFO  rootLogger:228 - switchValue: //button[@class='consumerModuleButtons submitButton' and text()='Sign in']
2018-04-16 11:02:06 INFO  rootLogger:228 - Class: SeleniumFunctions; Method: findElement
2018-04-16 11:02:06 INFO  rootLogger:228 - Class: SeleniumFunctions; Method: explicitWait
2018-04-16 11:02:06 INFO  rootLogger:228 - frame: 
2018-04-16 11:02:08 INFO  rootLogger:228 - Login button clicked
2018-04-16 11:02:08 INFO  rootLogger:228 - Class: SeleniumFunctions; Method: switchToNewWindow
2018-04-16 11:02:08 INFO  rootLogger:228 - parentWindow: 4294967297
2018-04-16 11:02:08 INFO  rootLogger:228 - windowHandle: 4294967297
2018-04-16 11:02:08 INFO  rootLogger:228 - Class: Hooks; Method: setDriver
2018-04-16 11:02:08 INFO  rootLogger:228 - get driver object
2018-04-16 11:02:08 INFO  rootLogger:228 - Class: LoginStepdefs; Method: applicationLogin : Complete
2018-04-16 11:02:08 INFO  rootLogger:228 - Class: GlobalStepdefs; Method: waitForSpecifiedTime : Start
2018-04-16 11:02:28 INFO  rootLogger:228 - Class: GlobalStepdefs; Method: waitForSpecifiedTime : Complete
2018-04-16 11:02:28 INFO  rootLogger:228 - Class: GlobalStepdefs; Method: checkPageLoad : Start
2018-04-16 11:02:28 INFO  rootLogger:228 - Class: Hooks; Method: getDriver
2018-04-16 11:02:28 INFO  rootLogger:228 - get driver object
2018-04-16 11:02:28 INFO  rootLogger:228 - Class: Page; Method: findPage
2018-04-16 11:02:28 INFO  rootLogger:228 - Current tab name: ServiceProvider
2018-04-16 11:02:28 INFO  rootLogger:228 - PaneName: ServiceProvider
2018-04-16 11:02:28 INFO  rootLogger:228 - Class: UtilFunctions; Method: getJSONFileObjBasedOnPageName
2018-04-16 11:02:28 INFO  rootLogger:228 - Class: UtilFunctions; Method: getElementFromJSONFile
2018-04-16 11:02:28 INFO  rootLogger:228 - Exception: null
2018-04-16 11:02:28 INFO  rootLogger:228 - Pane xpath: null
2018-04-16 11:02:28 INFO  rootLogger:228 - Class: Hooks; Method: getDriver
2018-04-16 11:02:28 INFO  rootLogger:228 - get driver object
2018-04-16 11:02:28 INFO  rootLogger:228 - Class: SeleniumFunctions; Method: explicitWait
2018-04-16 11:02:28 INFO  rootLogger:228 - frame: 
2018-04-16 11:02:28 INFO  rootLogger:228 - Class: SeleniumFunctions; Method: findElement
2018-04-16 11:02:28 INFO  rootLogger:228 - Class: SeleniumFunctions; Method: explicitWait
2018-04-16 11:02:28 INFO  rootLogger:228 - frame: 
2018-04-16 11:02:28 INFO  rootLogger:228 - Class: GlobalStepdefs; Method: checkPageLoad : Complete
2018-04-16 11:02:28 INFO  rootLogger:228 - Class: GlobalStepdefs; Method: clickMiscElement : Start
2018-04-16 11:02:28 INFO  rootLogger:228 - Pagename: ServiceProvider
2018-04-16 11:02:28 INFO  rootLogger:228 - Class: Hooks; Method: getDriver
2018-04-16 11:02:28 INFO  rootLogger:228 - get driver object
2018-04-16 11:02:28 INFO  rootLogger:228 - Class: Page; Method: clickMiscElement
2018-04-16 11:02:28 INFO  rootLogger:228 - Current tab name: ServiceProvider
2018-04-16 11:02:28 INFO  rootLogger:228 - ImageName: Facility
2018-04-16 11:02:28 INFO  rootLogger:228 - Class: UtilFunctions; Method: getJSONFileObjBasedOnPageName
2018-04-16 11:02:28 INFO  rootLogger:228 - Class: UtilFunctions; Method: getElementStringAndType
2018-04-16 11:02:28 INFO  rootLogger:228 - Class: UtilFunctions; Method: getElementFromJSONFile
2018-04-16 11:02:28 INFO  rootLogger:228 - Return: //p[text()='Facility']
2018-04-16 11:02:28 INFO  rootLogger:228 - Class: UtilFunctions; Method: getElementFromJSONFile
2018-04-16 11:02:28 INFO  rootLogger:228 - Return: //p[text()='Facility']
2018-04-16 11:02:28 INFO  rootLogger:228 - xpath present
2018-04-16 11:02:28 INFO  rootLogger:228 - Class: SeleniumFunctions; Method: explicitWait
2018-04-16 11:02:28 INFO  rootLogger:228 - frame: //p[text()='Facility'];xpath
2018-04-16 11:02:28 INFO  rootLogger:228 - Class: SeleniumFunctions; Method: setByValues
2018-04-16 11:02:28 INFO  rootLogger:228 - propField: //p[text()='Facility'];xpath
2018-04-16 11:02:28 INFO  rootLogger:228 - switchType: xpath
2018-04-16 11:02:28 INFO  rootLogger:228 - switchValue: //p[text()='Facility']
2018-04-16 11:02:28 INFO  rootLogger:228 - Class: SeleniumFunctions; Method: findElement
2018-04-16 11:02:28 INFO  rootLogger:228 - Class: SeleniumFunctions; Method: explicitWait
2018-04-16 11:02:28 INFO  rootLogger:228 - frame: 
2018-04-16 11:02:30 INFO  rootLogger:228 - Element: 'Facility' exist and clicked. Returning true.
2018-04-16 11:02:30 INFO  rootLogger:228 - Class: GlobalStepdefs; Method: clickButton : Start
2018-04-16 11:02:30 INFO  rootLogger:228 - Class: Hooks; Method: getDriver
2018-04-16 11:02:30 INFO  rootLogger:228 - get driver object
2018-04-16 11:02:30 INFO  rootLogger:228 - Class: Page; Method: clickButton
2018-04-16 11:02:30 INFO  rootLogger:228 - Current page name: ServiceProvider
2018-04-16 11:02:30 INFO  rootLogger:228 - Button to be clicked: AddFacility
2018-04-16 11:02:30 INFO  rootLogger:228 - Class: UtilFunctions; Method: getJSONFileObjBasedOnPageName
2018-04-16 11:02:30 INFO  rootLogger:228 - Class: UtilFunctions; Method: getElementStringAndType
2018-04-16 11:02:30 INFO  rootLogger:228 - Class: UtilFunctions; Method: getElementFromJSONFile
2018-04-16 11:02:30 INFO  rootLogger:228 - Return: //button[@id='button_add' and @ng-reflect-router-link='/service-provider/add-facility']
2018-04-16 11:02:30 INFO  rootLogger:228 - Class: UtilFunctions; Method: getElementFromJSONFile
2018-04-16 11:02:30 INFO  rootLogger:228 - Return: //button[@id='button_add' and @ng-reflect-router-link='/service-provider/add-facility']
2018-04-16 11:02:30 INFO  rootLogger:228 - xpath present
2018-04-16 11:02:30 INFO  rootLogger:228 - Class: SeleniumFunctions; Method: explicitWait
2018-04-16 11:02:30 INFO  rootLogger:228 - frame: //button[@id='button_add' and @ng-reflect-router-link='/service-provider/add-facility'];xpath
2018-04-16 11:02:30 INFO  rootLogger:228 - Class: SeleniumFunctions; Method: setByValues
2018-04-16 11:02:30 INFO  rootLogger:228 - propField: //button[@id='button_add' and @ng-reflect-router-link='/service-provider/add-facility'];xpath
2018-04-16 11:02:30 INFO  rootLogger:228 - switchType: xpath
2018-04-16 11:02:30 INFO  rootLogger:228 - switchValue: //button[@id='button_add' and @ng-reflect-router-link='/service-provider/add-facility']
2018-04-16 11:02:30 INFO  rootLogger:228 - Class: SeleniumFunctions; Method: findElement
2018-04-16 11:02:30 INFO  rootLogger:228 - Class: SeleniumFunctions; Method: explicitWait
2018-04-16 11:02:30 INFO  rootLogger:228 - frame: 
2018-04-16 11:02:32 INFO  rootLogger:228 - Button 'AddFacility' object not null and is clicked. Returning true.
2018-04-16 11:02:32 INFO  rootLogger:228 - Class: GlobalStepdefs; Method: clickButton : Complete
2018-04-16 11:02:32 INFO  rootLogger:228 - Class: GlobalStepdefs; Method: selectFromDropdown : Start
2018-04-16 11:02:32 INFO  rootLogger:228 - Class: Hooks; Method: getDriver
2018-04-16 11:02:32 INFO  rootLogger:228 - get driver object
2018-04-16 11:02:32 INFO  rootLogger:228 - Class: Page; Method: selectDropDownInPane
2018-04-16 11:02:32 INFO  rootLogger:228 - Current tab name: ServiceProvider
2018-04-16 11:02:32 INFO  rootLogger:228 - Class: UtilFunctions; Method: getJSONFileObjBasedOnPageName
2018-04-16 11:02:32 INFO  rootLogger:228 - PaneName: ServiceProvider
2018-04-16 11:02:32 INFO  rootLogger:228 - Dropdown Name: SelectFacilityType
2018-04-16 11:02:32 INFO  rootLogger:228 - Class: UtilFunctions; Method: getElementStringAndType
2018-04-16 11:02:32 INFO  rootLogger:228 - Class: UtilFunctions; Method: getElementFromJSONFile
2018-04-16 11:02:32 INFO  rootLogger:228 - Return: null
2018-04-16 11:02:32 INFO  rootLogger:228 - Class: UtilFunctions; Method: getElementFromJSONFile
2018-04-16 11:02:32 INFO  rootLogger:228 - Return: select_facilityType
2018-04-16 11:02:32 INFO  rootLogger:228 - Class: UtilFunctions; Method: getElementFromJSONFile
2018-04-16 11:02:32 INFO  rootLogger:228 - Return: select_facilityType
2018-04-16 11:02:32 INFO  rootLogger:228 - id present
2018-04-16 11:02:32 INFO  rootLogger:228 - Class: Page; Method: selectDropDownOption
2018-04-16 11:02:32 INFO  rootLogger:228 - Class: SeleniumFunctions; Method: explicitWait
2018-04-16 11:02:32 INFO  rootLogger:228 - frame: select_facilityType;id
2018-04-16 11:02:32 INFO  rootLogger:228 - Class: SeleniumFunctions; Method: setByValues
2018-04-16 11:02:32 INFO  rootLogger:228 - propField: select_facilityType;id
2018-04-16 11:02:32 INFO  rootLogger:228 - switchType: id
2018-04-16 11:02:32 INFO  rootLogger:228 - switchValue: select_facilityType
2018-04-16 11:02:32 INFO  rootLogger:228 - Class: SeleniumFunctions; Method: findElement
2018-04-16 11:02:32 INFO  rootLogger:228 - Class: SeleniumFunctions; Method: explicitWait
2018-04-16 11:02:32 INFO  rootLogger:228 - frame: 
2018-04-16 11:02:32 INFO  rootLogger:228 - Drop down element not null
2018-04-16 11:02:32 INFO  rootLogger:228 - Class: Hooks; Method: getDriver
2018-04-16 11:02:32 INFO  rootLogger:228 - get driver object
2018-04-16 11:02:32 INFO  rootLogger:228 - Class: SeleniumFunctions; Method: findElement
2018-04-16 11:02:32 INFO  rootLogger:228 - Class: SeleniumFunctions; Method: explicitWait
2018-04-16 11:02:32 INFO  rootLogger:228 - frame: 
2018-04-16 11:02:33 INFO  rootLogger:228 - Element not found after timeout of 1 seconds. Exception: Expected condition failed: waiting for visibility of element located by By.xpath: //ul/descendant::*[text()='Conference Room'] (tried for 1 second(s) with 500 MILLISECONDS interval)
2018-04-16 11:02:33 INFO  rootLogger:228 - Element not found. Returning null. Exception: Unable to locate element: //ul/descendant::*[text()='Conference Room']
For documentation on this error, please visit: http://seleniumhq.org/exceptions/no_such_element.html
Build info: version: '3.5.3', revision: 'a88d25fe6b', time: '2017-08-29T12:42:44.417Z'
System info: host: 'LENOVO', ip: '192.168.2.105', os.name: 'Windows 7', os.arch: 'amd64', os.version: '6.1', java.version: '1.8.0_144'
Driver info: org.openqa.selenium.firefox.FirefoxDriver
Capabilities [{moz:profile=C:\Users\aparna\AppData\Local\Temp\rust_mozprofile.29B9rEDE4TZK, rotatable=false, timeouts={implicit=0, pageLoad=300000, script=30000}, pageLoadStrategy=normal, moz:headless=false, platform=XP, moz:accessibilityChecks=false, acceptInsecureCerts=false, browserVersion=58.0.2, platformVersion=6.1, moz:processID=6296, browserName=firefox, javascriptEnabled=true, platformName=XP, moz:webdriverClick=true}]
Session ID: 4c982e7f-66d4-418d-94f1-98ca88f321c4
*** Element info: {Using=xpath, value=//ul/descendant::*[text()='Conference Room']}
2018-04-16 11:02:33 INFO  rootLogger:228 - Item Conference Room not selected from drop down due to Exception: Cannot locate element with text: Conference Room
For documentation on this error, please visit: http://seleniumhq.org/exceptions/no_such_element.html
Build info: version: '3.5.3', revision: 'a88d25fe6b', time: '2017-08-29T12:42:44.417Z'
System info: host: 'LENOVO', ip: '192.168.2.105', os.name: 'Windows 7', os.arch: 'amd64', os.version: '6.1', java.version: '1.8.0_144'
Driver info: driver.version: unknown
2018-04-16 11:02:33 INFO  rootLogger:228 - Item Conference Room not selected from dropDown SelectFacilityType due to Exception: null
2018-04-16 11:02:33 INFO  rootLogger:228 - Class: Hooks; Method: closeBrowserAndTakeScreenShot
2018-04-16 11:02:33 INFO  rootLogger:228 - Scenario: Verify Conference Facility Creation - Failed
2018-04-16 11:02:33 INFO  rootLogger:228 - Class: Hooks; Method: takeScreenShot
2018-04-16 11:02:35 INFO  rootLogger:228 - Browser closed
2018-04-16 11:02:35 INFO  rootLogger:228 - Tried to kill process with PID: 
2018-04-16 11:02:35 INFO  rootLogger:228 - Scenario: Verify Conference Facility Creation complete.
