2018-04-16 17:22:12 INFO  rootLogger:230 - Class: Hooks; Method: setUp
2018-04-16 17:22:12 INFO  rootLogger:230 - Scenario: login starting.
2018-04-16 17:22:12 INFO  rootLogger:230 - Scenario Tag Name: @Sanity
2018-04-16 17:22:12 INFO  rootLogger:230 - Class: GlobalStepdefs; Method: launchApplication : Start
2018-04-16 17:22:12 INFO  rootLogger:230 - Class: SetUpFile; Method: constructor
2018-04-16 17:22:12 INFO  rootLogger:230 - Initializing JSON files
2018-04-16 17:22:12 INFO  rootLogger:230 - Class: SetUpFile; Method: launchApplication
2018-04-16 17:22:22 INFO  rootLogger:230 - Firefox driver initialized
2018-04-16 17:22:22 INFO  rootLogger:230 - Error getting child PID for geckodriver.exe from parent process 4056. Cannot run program "wmic": CreateProcess error=2, The system cannot find the file specified
2018-04-16 17:22:22 INFO  rootLogger:230 - Error getting child PID for firefox.exe from parent process . Cannot run program "wmic": CreateProcess error=2, The system cannot find the file specified
2018-04-16 17:22:22 INFO  rootLogger:230 - Class: Hooks; Method: setDriver
2018-04-16 17:22:22 INFO  rootLogger:230 - get driver object
2018-04-16 17:22:22 INFO  rootLogger:230 - Class: SetUpFile; Method: openURL
2018-04-16 17:22:25 INFO  rootLogger:230 - Class: SeleniumFunctions; Method: switchToNewWindow
2018-04-16 17:22:25 INFO  rootLogger:230 - parentWindow: 4294967297
2018-04-16 17:22:25 INFO  rootLogger:230 - windowHandle: 4294967297
2018-04-16 17:22:25 INFO  rootLogger:230 - Class: GlobalStepdefs; Method: launchApplication : Complete
2018-04-16 17:22:25 INFO  rootLogger:230 - Class: GlobalStepdefs; Method: enterInTheField : Start
2018-04-16 17:22:25 INFO  rootLogger:230 - Class: Hooks; Method: getDriver
2018-04-16 17:22:25 INFO  rootLogger:230 - get driver object
2018-04-16 17:22:25 INFO  rootLogger:230 - Class: Page; Method: setTextBox
2018-04-16 17:22:25 INFO  rootLogger:230 - Current page name: 
2018-04-16 17:22:25 INFO  rootLogger:230 - Text box field name: Email
2018-04-16 17:22:25 INFO  rootLogger:230 - Class: UtilFunctions; Method: getJSONFileObjBasedOnPageName
2018-04-16 17:22:25 INFO  rootLogger:230 - Class: UtilFunctions; Method: getElementStringAndType
2018-04-16 17:22:25 INFO  rootLogger:230 - Class: UtilFunctions; Method: getElementFromJSONFile
2018-04-16 17:22:25 INFO  rootLogger:230 - Exception: null
2018-04-16 17:22:25 INFO  rootLogger:230 - Class: UtilFunctions; Method: getElementFromJSONFile
2018-04-16 17:22:25 INFO  rootLogger:230 - Exception: null
2018-04-16 17:22:25 INFO  rootLogger:230 - Class: UtilFunctions; Method: getElementFromJSONFile
2018-04-16 17:22:25 INFO  rootLogger:230 - Exception: null
2018-04-16 17:22:25 INFO  rootLogger:230 - Unknown Element Type
2018-04-16 17:22:25 INFO  rootLogger:230 - Text box textPath: null
2018-04-16 17:22:25 INFO  rootLogger:230 - Text box textMethod: null
2018-04-16 17:22:25 INFO  rootLogger:230 - Class: Page; Method: findTextBox
2018-04-16 17:22:25 INFO  rootLogger:230 - Text box name: null
2018-04-16 17:22:25 INFO  rootLogger:230 - Trying again. Exception: null
2018-04-16 17:22:25 INFO  rootLogger:230 - Recursive calling of the function.
2018-04-16 17:22:25 INFO  rootLogger:230 - Class: Page; Method: setTextBox
2018-04-16 17:22:25 INFO  rootLogger:230 - Current page name: 
2018-04-16 17:22:25 INFO  rootLogger:230 - Text box field name: Email
2018-04-16 17:22:25 INFO  rootLogger:230 - Class: UtilFunctions; Method: getJSONFileObjBasedOnPageName
2018-04-16 17:22:25 INFO  rootLogger:230 - Class: UtilFunctions; Method: getElementStringAndType
2018-04-16 17:22:25 INFO  rootLogger:230 - Class: UtilFunctions; Method: getElementFromJSONFile
2018-04-16 17:22:25 INFO  rootLogger:230 - Exception: null
2018-04-16 17:22:25 INFO  rootLogger:230 - Class: UtilFunctions; Method: getElementFromJSONFile
2018-04-16 17:22:25 INFO  rootLogger:230 - Exception: null
2018-04-16 17:22:25 INFO  rootLogger:230 - Class: UtilFunctions; Method: getElementFromJSONFile
2018-04-16 17:22:25 INFO  rootLogger:230 - Exception: null
2018-04-16 17:22:25 INFO  rootLogger:230 - Unknown Element Type
2018-04-16 17:22:25 INFO  rootLogger:230 - Text box textPath: null
2018-04-16 17:22:25 INFO  rootLogger:230 - Text box textMethod: null
2018-04-16 17:22:25 INFO  rootLogger:230 - Class: Page; Method: findTextBox
2018-04-16 17:22:25 INFO  rootLogger:230 - Text box name: null
2018-04-16 17:22:25 INFO  rootLogger:230 - Trying again. Exception: null
2018-04-16 17:22:25 INFO  rootLogger:230 - Class: Hooks; Method: closeBrowserAndTakeScreenShot
2018-04-16 17:22:25 INFO  rootLogger:230 - Scenario: login - Failed
2018-04-16 17:22:25 INFO  rootLogger:230 - Class: Hooks; Method: takeScreenShot
2018-04-16 17:22:26 INFO  rootLogger:230 - Browser closed
2018-04-16 17:22:26 INFO  rootLogger:230 - Tried to kill process with PID: 
2018-04-16 17:22:26 INFO  rootLogger:230 - Scenario: login complete.
